<?xml version="1.0" encoding="UTF-8"?>
<!-- Generated by org.testng.reporters.JUnitXMLReporter -->
<testsuite ignored="0" hostname="Varas-MacBook-Air.local" failures="1" tests="1" name="Default test" time="82.036" errors="0" timestamp="2025-08-01T06:34:12 IST">
  <testcase classname="io.cucumber.testng.AbstractTestNGCucumberTests" name="runScenario" time="80.61">
    <failure type="java.lang.AssertionError" message="expected [true] but found [false]">
      <![CDATA[java.lang.AssertionError: expected [true] but found [false]
at org.testng.Assert.fail(Assert.java:111)
at org.testng.Assert.failNotEquals(Assert.java:1578)
at org.testng.Assert.assertTrue(Assert.java:57)
at org.testng.Assert.assertTrue(Assert.java:67)
at automationExercisesStepDefinitions.ReadJson.compareJsonFiles(ReadJson.java:16)
at ✽.compare source and destination json(file:///Users/vara/eclipse-workspace/CucumberProject/src/test/java/automationExercise/ReadJson.feature:5)
]]>
    </failure>
  </testcase> <!-- runScenario -->
</testsuite> <!-- Default test -->
