<?xml version="1.0" encoding="UTF-8"?>
<testsuite xmlns:xsi="http://www.w3.org/2001/XMLSchema-instance" xsi:noNamespaceSchemaLocation="https://maven.apache.org/surefire/maven-surefire-plugin/xsd/surefire-test-report-3.0.xsd" version="3.0" name="TestSuite" time="11.864" tests="6" errors="0" skipped="0" failures="6">
  <properties>
[...]
</properties>
  <testcase name="runScenario[&quot;Fill the contact us form in automation exercise website&quot;, &quot;Fill Contact Us form&quot;](1)" classname="runners.TestNGTestRunner" time="11.101">
    <failure message="no such window: target window already closed&#10;from unknown error: web view not found&#10;  (Session info: chrome=138.0.7204.102)&#10;Build info: version: &apos;4.15.0&apos;, revision: &apos;1d14b5521b&apos;&#10;System info: os.name: &apos;Mac OS X&apos;, os.arch: &apos;aarch64&apos;, os.version: &apos;15.5&apos;, java.version: &apos;23&apos;&#10;Driver info: org.openqa.selenium.chrome.ChromeDriver&#10;Command: [5759b5f8bfbc2305cd891b7d42b010e7, findElement {using=xpath, value=//div[@id=&apos;slider-carousel&apos;]}]&#10;Capabilities {acceptInsecureCerts: false, browserName: chrome, browserVersion: 138.0.7204.102, chrome: {chromedriverVersion: 138.0.7204.157 (e533e98b126..., userDataDir: /var/folders/m_/k3b1gzss4m1...}, fedcm:accounts: true, goog:chromeOptions: {debuggerAddress: localhost:52461}, networkConnectionEnabled: false, pageLoadStrategy: normal, platformName: mac, proxy: Proxy(), se:cdp: ws://localhost:52461/devtoo..., se:cdpVersion: 138.0.7204.102, setWindowRect: true, strictFileInteractability: false, timeouts: {implicit: 0, pageLoad: 300000, script: 30000}, unhandledPromptBehavior: dismiss and notify, webauthn:extension:credBlob: true, webauthn:extension:largeBlob: true, webauthn:extension:minPinLength: true, webauthn:extension:prf: true, webauthn:virtualAuthenticators: true}&#10;Session ID: 5759b5f8bfbc2305cd891b7d42b010e7" type="org.openqa.selenium.NoSuchWindowException"><![CDATA[org.openqa.selenium.NoSuchWindowException: 
no such window: target window already closed
from unknown error: web view not found
  (Session info: chrome=138.0.7204.102)
Build info: version: '4.15.0', revision: '1d14b5521b'
System info: os.name: 'Mac OS X', os.arch: 'aarch64', os.version: '15.5', java.version: '23'
Driver info: org.openqa.selenium.chrome.ChromeDriver
Command: [5759b5f8bfbc2305cd891b7d42b010e7, findElement {using=xpath, value=//div[@id='slider-carousel']}]
Capabilities {acceptInsecureCerts: false, browserName: chrome, browserVersion: 138.0.7204.102, chrome: {chromedriverVersion: 138.0.7204.157 (e533e98b126..., userDataDir: /var/folders/m_/k3b1gzss4m1...}, fedcm:accounts: true, goog:chromeOptions: {debuggerAddress: localhost:52461}, networkConnectionEnabled: false, pageLoadStrategy: normal, platformName: mac, proxy: Proxy(), se:cdp: ws://localhost:52461/devtoo..., se:cdpVersion: 138.0.7204.102, setWindowRect: true, strictFileInteractability: false, timeouts: {implicit: 0, pageLoad: 300000, script: 30000}, unhandledPromptBehavior: dismiss and notify, webauthn:extension:credBlob: true, webauthn:extension:largeBlob: true, webauthn:extension:minPinLength: true, webauthn:extension:prf: true, webauthn:virtualAuthenticators: true}
Session ID: 5759b5f8bfbc2305cd891b7d42b010e7
	at java.base/jdk.internal.reflect.DirectConstructorHandleAccessor.newInstance(DirectConstructorHandleAccessor.java:62)
	at java.base/java.lang.reflect.Constructor.newInstanceWithCaller(Constructor.java:501)
	at java.base/java.lang.reflect.Constructor.newInstance(Constructor.java:485)
	at org.openqa.selenium.remote.codec.w3c.W3CHttpResponseCodec.createException(W3CHttpResponseCodec.java:200)
	at org.openqa.selenium.remote.codec.w3c.W3CHttpResponseCodec.decode(W3CHttpResponseCodec.java:133)
	at org.openqa.selenium.remote.codec.w3c.W3CHttpResponseCodec.decode(W3CHttpResponseCodec.java:52)
	at org.openqa.selenium.remote.HttpCommandExecutor.execute(HttpCommandExecutor.java:191)
	at org.openqa.selenium.remote.service.DriverCommandExecutor.invokeExecute(DriverCommandExecutor.java:200)
	at org.openqa.selenium.remote.service.DriverCommandExecutor.execute(DriverCommandExecutor.java:175)
	at org.openqa.selenium.remote.RemoteWebDriver.execute(RemoteWebDriver.java:607)
	at org.openqa.selenium.remote.ElementLocation$ElementFinder$2.findElement(ElementLocation.java:165)
	at org.openqa.selenium.remote.ElementLocation.findElement(ElementLocation.java:59)
	at org.openqa.selenium.remote.RemoteWebDriver.findElement(RemoteWebDriver.java:364)
	at org.openqa.selenium.remote.RemoteWebDriver.findElement(RemoteWebDriver.java:358)
	at org.openqa.selenium.support.pagefactory.DefaultElementLocator.findElement(DefaultElementLocator.java:68)
	at org.openqa.selenium.support.pagefactory.internal.LocatingElementHandler.invoke(LocatingElementHandler.java:38)
	at jdk.proxy2/jdk.proxy2.$Proxy26.isDisplayed(Unknown Source)
	at Pages.HomePAge.home_page_displayed(HomePAge.java:132)
	at automationExercisesStepDefinitions.RegisterUser.verify_that_home_page_is_visible_successfully(RegisterUser.java:23)
	at ✽.Verify that home page is visible successfully(file:///Users/vara/eclipse-workspace/CucumberProject/src/test/java/automationExercise/ContactUsForm.feature:6)
]]></failure>
    <system-out><![CDATA[
@tag1
Scenario Outline: Fill the contact us form in automation exercise website                          &amp#27;[90m# src/test/java/automationExercise/ContactUsForm.feature:18&amp#27;[0m
TestNG-tests-1 loading config...
TestNG-tests-1 → browser = chrome
TestNG-tests-1 → headless = false
TestNG-tests-1 → mainurl = https://www.automationexercise.com/
TestNG-tests-1 → browser: chrome, url: https://www.automationexercise.com/
  &amp#27;[32mGiven &amp#27;[0m&amp#27;[32mLaunch the browser and access automation excercise site&amp#27;[0m                                    &amp#27;[90m# automationExercisesStepDefinitions.RegisterUser.launch_the_browser_and_access_automation_excercise_site()&amp#27;[0m
  &amp#27;[31mThen &amp#27;[0m&amp#27;[31mVerify that home page is visible successfully&amp#27;[0m                                               &amp#27;[90m# automationExercisesStepDefinitions.RegisterUser.verify_that_home_page_is_visible_successfully()&amp#27;[0m
      &amp#27;[31morg.openqa.selenium.NoSuchWindowException: no such window: target window already closed
from unknown error: web view not found
  (Session info: chrome=138.0.7204.102)
Build info: version: '4.15.0', revision: '1d14b5521b'
System info: os.name: 'Mac OS X', os.arch: 'aarch64', os.version: '15.5', java.version: '23'
Driver info: org.openqa.selenium.chrome.ChromeDriver
Command: [5759b5f8bfbc2305cd891b7d42b010e7, findElement {using=xpath, value=//div[@id='slider-carousel']}]
Capabilities {acceptInsecureCerts: false, browserName: chrome, browserVersion: 138.0.7204.102, chrome: {chromedriverVersion: 138.0.7204.157 (e533e98b126..., userDataDir: /var/folders/m_/k3b1gzss4m1...}, fedcm:accounts: true, goog:chromeOptions: {debuggerAddress: localhost:52461}, networkConnectionEnabled: false, pageLoadStrategy: normal, platformName: mac, proxy: Proxy(), se:cdp: ws://localhost:52461/devtoo..., se:cdpVersion: 138.0.7204.102, setWindowRect: true, strictFileInteractability: false, timeouts: {implicit: 0, pageLoad: 300000, script: 30000}, unhandledPromptBehavior: dismiss and notify, webauthn:extension:credBlob: true, webauthn:extension:largeBlob: true, webauthn:extension:minPinLength: true, webauthn:extension:prf: true, webauthn:virtualAuthenticators: true}
Session ID: 5759b5f8bfbc2305cd891b7d42b010e7
	at java.base/jdk.internal.reflect.DirectConstructorHandleAccessor.newInstance(DirectConstructorHandleAccessor.java:62)
	at java.base/java.lang.reflect.Constructor.newInstanceWithCaller(Constructor.java:501)
	at java.base/java.lang.reflect.Constructor.newInstance(Constructor.java:485)
	at org.openqa.selenium.remote.codec.w3c.W3CHttpResponseCodec.createException(W3CHttpResponseCodec.java:200)
	at org.openqa.selenium.remote.codec.w3c.W3CHttpResponseCodec.decode(W3CHttpResponseCodec.java:133)
	at org.openqa.selenium.remote.codec.w3c.W3CHttpResponseCodec.decode(W3CHttpResponseCodec.java:52)
	at org.openqa.selenium.remote.HttpCommandExecutor.execute(HttpCommandExecutor.java:191)
	at org.openqa.selenium.remote.service.DriverCommandExecutor.invokeExecute(DriverCommandExecutor.java:200)
	at org.openqa.selenium.remote.service.DriverCommandExecutor.execute(DriverCommandExecutor.java:175)
	at org.openqa.selenium.remote.RemoteWebDriver.execute(RemoteWebDriver.java:607)
	at org.openqa.selenium.remote.ElementLocation$ElementFinder$2.findElement(ElementLocation.java:165)
	at org.openqa.selenium.remote.ElementLocation.findElement(ElementLocation.java:59)
	at org.openqa.selenium.remote.RemoteWebDriver.findElement(RemoteWebDriver.java:364)
	at org.openqa.selenium.remote.RemoteWebDriver.findElement(RemoteWebDriver.java:358)
	at org.openqa.selenium.support.pagefactory.DefaultElementLocator.findElement(DefaultElementLocator.java:68)
	at org.openqa.selenium.support.pagefactory.internal.LocatingElementHandler.invoke(LocatingElementHandler.java:38)
	at jdk.proxy2/jdk.proxy2.$Proxy26.isDisplayed(Unknown Source)
	at Pages.HomePAge.home_page_displayed(HomePAge.java:132)
	at automationExercisesStepDefinitions.RegisterUser.verify_that_home_page_is_visible_successfully(RegisterUser.java:23)
	at ✽.Verify that home page is visible successfully(file:///Users/vara/eclipse-workspace/CucumberProject/src/test/java/automationExercise/ContactUsForm.feature:6)
&amp#27;[0m
  &amp#27;[36mWhen &amp#27;[0m&amp#27;[36mClick on &amp#27;[0m&amp#27;[36m&amp#27;[1m'Contact us'&amp#27;[0m&amp#27;[36m button&amp#27;[0m                                                                &amp#27;[90m# automationExercisesStepDefinitions.RegisterUser.click_on_button(java.lang.String)&amp#27;[0m
  &amp#27;[36mThen &amp#27;[0m&amp#27;[36mVerify &amp#27;[0m&amp#27;[36m&amp#27;[1m'Get In Touch'&amp#27;[0m&amp#27;[36m is visible&amp#27;[0m                                                            &amp#27;[90m# automationExercisesStepDefinitions.RegisterUser.verify_is_visible(java.lang.String)&amp#27;[0m
  &amp#27;[36mWhen &amp#27;[0m&amp#27;[36mEnter &amp#27;[0m&amp#27;[36m&amp#27;[1m"Love"&amp#27;[0m&amp#27;[36m, &amp#27;[0m&amp#27;[36m&amp#27;[1m"love23@you.com"&amp#27;[0m&amp#27;[36m, &amp#27;[0m&amp#27;[36m&amp#27;[1m"Feedback"&amp#27;[0m&amp#27;[36m and &amp#27;[0m&amp#27;[36m&amp#27;[1m"Sample love message"&amp#27;[0m                        &amp#27;[90m# automationExercisesStepDefinitions.ContactUsForm.submit_contactusform(java.lang.String,java.lang.String,java.lang.String,java.lang.String)&amp#27;[0m
  &amp#27;[36mAnd &amp#27;[0m&amp#27;[36mUpload file&amp#27;[0m                                                                                  &amp#27;[90m# automationExercisesStepDefinitions.ContactUsForm.upload_file()&amp#27;[0m
  &amp#27;[36mWhen &amp#27;[0m&amp#27;[36mClick Submit button&amp#27;[0m                                                                         &amp#27;[90m# automationExercisesStepDefinitions.ContactUsForm.submitfile()&amp#27;[0m
  &amp#27;[36mAnd &amp#27;[0m&amp#27;[36mClick OK button&amp#27;[0m                                                                              &amp#27;[90m# automationExercisesStepDefinitions.ContactUsForm.clickokbtn()&amp#27;[0m
  &amp#27;[36mThen &amp#27;[0m&amp#27;[36mVerify success message &amp#27;[0m&amp#27;[36m&amp#27;[1m'Success! Your details have been submitted successfully.'&amp#27;[0m&amp#27;[36m is visible&amp#27;[0m &amp#27;[90m# automationExercisesStepDefinitions.ContactUsForm.verify_successmsg_visible(java.lang.String)&amp#27;[0m
  &amp#27;[36mAnd &amp#27;[0m&amp#27;[36mClick &amp#27;[0m&amp#27;[36m&amp#27;[1m'Home'&amp#27;[0m&amp#27;[36m button and verify that landed to home page successfully&amp#27;[0m                         &amp#27;[90m# automationExercisesStepDefinitions.ContactUsForm.click_home_btn(java.lang.String)&amp#27;[0m
      &amp#27;[31morg.openqa.selenium.NoSuchWindowException: no such window: target window already closed
from unknown error: web view not found
  (Session info: chrome=138.0.7204.102)
Build info: version: '4.15.0', revision: '1d14b5521b'
System info: os.name: 'Mac OS X', os.arch: 'aarch64', os.version: '15.5', java.version: '23'
Driver info: org.openqa.selenium.chrome.ChromeDriver
Command: [5759b5f8bfbc2305cd891b7d42b010e7, screenshot {}]
Capabilities {acceptInsecureCerts: false, browserName: chrome, browserVersion: 138.0.7204.102, chrome: {chromedriverVersion: 138.0.7204.157 (e533e98b126..., userDataDir: /var/folders/m_/k3b1gzss4m1...}, fedcm:accounts: true, goog:chromeOptions: {debuggerAddress: localhost:52461}, networkConnectionEnabled: false, pageLoadStrategy: normal, platformName: mac, proxy: Proxy(), se:cdp: ws://localhost:52461/devtoo..., se:cdpVersion: 138.0.7204.102, setWindowRect: true, strictFileInteractability: false, timeouts: {implicit: 0, pageLoad: 300000, script: 30000}, unhandledPromptBehavior: dismiss and notify, webauthn:extension:credBlob: true, webauthn:extension:largeBlob: true, webauthn:extension:minPinLength: true, webauthn:extension:prf: true, webauthn:virtualAuthenticators: true}
Session ID: 5759b5f8bfbc2305cd891b7d42b010e7
	at java.base/jdk.internal.reflect.DirectConstructorHandleAccessor.newInstance(DirectConstructorHandleAccessor.java:62)
	at java.base/java.lang.reflect.Constructor.newInstanceWithCaller(Constructor.java:501)
	at java.base/java.lang.reflect.Constructor.newInstance(Constructor.java:485)
	at org.openqa.selenium.remote.codec.w3c.W3CHttpResponseCodec.createException(W3CHttpResponseCodec.java:200)
	at org.openqa.selenium.remote.codec.w3c.W3CHttpResponseCodec.decode(W3CHttpResponseCodec.java:133)
	at org.openqa.selenium.remote.codec.w3c.W3CHttpResponseCodec.decode(W3CHttpResponseCodec.java:52)
	at org.openqa.selenium.remote.HttpCommandExecutor.execute(HttpCommandExecutor.java:191)
	at org.openqa.selenium.remote.service.DriverCommandExecutor.invokeExecute(DriverCommandExecutor.java:200)
	at org.openqa.selenium.remote.service.DriverCommandExecutor.execute(DriverCommandExecutor.java:175)
	at org.openqa.selenium.remote.RemoteWebDriver.execute(RemoteWebDriver.java:607)
	at org.openqa.selenium.remote.RemoteWebDriver.execute(RemoteWebDriver.java:680)
	at org.openqa.selenium.remote.RemoteWebDriver.execute(RemoteWebDriver.java:684)
	at org.openqa.selenium.remote.RemoteWebDriver.getScreenshotAs(RemoteWebDriver.java:330)
	at utils.ScreenshotUtil.takeScreenshot(ScreenshotUtil.java:30)
	at Hooks.TestHooks.tearDown(TestHooks.java:35)
&amp#27;[0m
]]></system-out>
    <system-err><![CDATA[SLF4J: Failed to load class "org.slf4j.impl.StaticLoggerBinder".
SLF4J: Defaulting to no-operation (NOP) logger implementation
SLF4J: See http://www.slf4j.org/codes.html#StaticLoggerBinder for further details.
Jul 16, 2025 4:53:15 PM org.openqa.selenium.devtools.CdpVersionFinder findNearestMatch
WARNING: Unable to find CDP implementation matching 138
Jul 16, 2025 4:53:15 PM org.openqa.selenium.chromium.ChromiumDriver lambda$new$5
WARNING: Unable to find version of CDP to use for 138.0.7204.102. You may need to include a dependency on a specific version of the CDP using something similar to `org.seleniumhq.selenium:selenium-devtools-v86:4.15.0` where the version ("v86") matches the version of the chromium-based browser you're using and the version number of the artifact is the same as Selenium's.
]]></system-err>
  </testcase>
  <testcase name="runScenario[&quot;Get the total products count, Product name and Product Cost&quot;, &quot;Get all the Product Details&quot;](2)" classname="runners.TestNGTestRunner" time="0.014">
    <failure message="no such window: target window already closed&#10;from unknown error: web view not found&#10;  (Session info: chrome=138.0.7204.102)&#10;Build info: version: &apos;4.15.0&apos;, revision: &apos;1d14b5521b&apos;&#10;System info: os.name: &apos;Mac OS X&apos;, os.arch: &apos;aarch64&apos;, os.version: &apos;15.5&apos;, java.version: &apos;23&apos;&#10;Driver info: org.openqa.selenium.chrome.ChromeDriver&#10;Command: [5759b5f8bfbc2305cd891b7d42b010e7, findElement {using=xpath, value=//div[@id=&apos;slider-carousel&apos;]}]&#10;Capabilities {acceptInsecureCerts: false, browserName: chrome, browserVersion: 138.0.7204.102, chrome: {chromedriverVersion: 138.0.7204.157 (e533e98b126..., userDataDir: /var/folders/m_/k3b1gzss4m1...}, fedcm:accounts: true, goog:chromeOptions: {debuggerAddress: localhost:52461}, networkConnectionEnabled: false, pageLoadStrategy: normal, platformName: mac, proxy: Proxy(), se:cdp: ws://localhost:52461/devtoo..., se:cdpVersion: 138.0.7204.102, setWindowRect: true, strictFileInteractability: false, timeouts: {implicit: 0, pageLoad: 300000, script: 30000}, unhandledPromptBehavior: dismiss and notify, webauthn:extension:credBlob: true, webauthn:extension:largeBlob: true, webauthn:extension:minPinLength: true, webauthn:extension:prf: true, webauthn:virtualAuthenticators: true}&#10;Session ID: 5759b5f8bfbc2305cd891b7d42b010e7" type="org.openqa.selenium.NoSuchWindowException"><![CDATA[org.openqa.selenium.NoSuchWindowException: 
no such window: target window already closed
from unknown error: web view not found
  (Session info: chrome=138.0.7204.102)
Build info: version: '4.15.0', revision: '1d14b5521b'
System info: os.name: 'Mac OS X', os.arch: 'aarch64', os.version: '15.5', java.version: '23'
Driver info: org.openqa.selenium.chrome.ChromeDriver
Command: [5759b5f8bfbc2305cd891b7d42b010e7, findElement {using=xpath, value=//div[@id='slider-carousel']}]
Capabilities {acceptInsecureCerts: false, browserName: chrome, browserVersion: 138.0.7204.102, chrome: {chromedriverVersion: 138.0.7204.157 (e533e98b126..., userDataDir: /var/folders/m_/k3b1gzss4m1...}, fedcm:accounts: true, goog:chromeOptions: {debuggerAddress: localhost:52461}, networkConnectionEnabled: false, pageLoadStrategy: normal, platformName: mac, proxy: Proxy(), se:cdp: ws://localhost:52461/devtoo..., se:cdpVersion: 138.0.7204.102, setWindowRect: true, strictFileInteractability: false, timeouts: {implicit: 0, pageLoad: 300000, script: 30000}, unhandledPromptBehavior: dismiss and notify, webauthn:extension:credBlob: true, webauthn:extension:largeBlob: true, webauthn:extension:minPinLength: true, webauthn:extension:prf: true, webauthn:virtualAuthenticators: true}
Session ID: 5759b5f8bfbc2305cd891b7d42b010e7
	at java.base/jdk.internal.reflect.DirectConstructorHandleAccessor.newInstance(DirectConstructorHandleAccessor.java:62)
	at java.base/java.lang.reflect.Constructor.newInstanceWithCaller(Constructor.java:501)
	at java.base/java.lang.reflect.Constructor.newInstance(Constructor.java:485)
	at org.openqa.selenium.remote.codec.w3c.W3CHttpResponseCodec.createException(W3CHttpResponseCodec.java:200)
	at org.openqa.selenium.remote.codec.w3c.W3CHttpResponseCodec.decode(W3CHttpResponseCodec.java:133)
	at org.openqa.selenium.remote.codec.w3c.W3CHttpResponseCodec.decode(W3CHttpResponseCodec.java:52)
	at org.openqa.selenium.remote.HttpCommandExecutor.execute(HttpCommandExecutor.java:191)
	at org.openqa.selenium.remote.service.DriverCommandExecutor.invokeExecute(DriverCommandExecutor.java:200)
	at org.openqa.selenium.remote.service.DriverCommandExecutor.execute(DriverCommandExecutor.java:175)
	at org.openqa.selenium.remote.RemoteWebDriver.execute(RemoteWebDriver.java:607)
	at org.openqa.selenium.remote.ElementLocation$ElementFinder$2.findElement(ElementLocation.java:165)
	at org.openqa.selenium.remote.ElementLocation.findElement(ElementLocation.java:59)
	at org.openqa.selenium.remote.RemoteWebDriver.findElement(RemoteWebDriver.java:364)
	at org.openqa.selenium.remote.RemoteWebDriver.findElement(RemoteWebDriver.java:358)
	at org.openqa.selenium.support.pagefactory.DefaultElementLocator.findElement(DefaultElementLocator.java:68)
	at org.openqa.selenium.support.pagefactory.internal.LocatingElementHandler.invoke(LocatingElementHandler.java:38)
	at jdk.proxy2/jdk.proxy2.$Proxy26.isDisplayed(Unknown Source)
	at Pages.HomePAge.home_page_displayed(HomePAge.java:132)
	at automationExercisesStepDefinitions.RegisterUser.verify_that_home_page_is_visible_successfully(RegisterUser.java:23)
	at ✽.Verify that home page is visible successfully(file:///Users/vara/eclipse-workspace/CucumberProject/src/test/java/automationExercise/ProductDetails.feature:6)
]]></failure>
    <system-out><![CDATA[
Scenario Outline: Get the total products count, Product name and Product Cost &amp#27;[90m# src/test/java/automationExercise/ProductDetails.feature:3&amp#27;[0m
TestNG-tests-1 → browser = chrome
TestNG-tests-1 → headless = false
TestNG-tests-1 → mainurl = https://www.automationexercise.com/
TestNG-tests-1 → browser: chrome, url: https://www.automationexercise.com/
  &amp#27;[32mGiven &amp#27;[0m&amp#27;[32mLaunch the browser and access automation excercise site&amp#27;[0m               &amp#27;[90m# automationExercisesStepDefinitions.RegisterUser.launch_the_browser_and_access_automation_excercise_site()&amp#27;[0m
  &amp#27;[31mThen &amp#27;[0m&amp#27;[31mVerify that home page is visible successfully&amp#27;[0m                          &amp#27;[90m# automationExercisesStepDefinitions.RegisterUser.verify_that_home_page_is_visible_successfully()&amp#27;[0m
      &amp#27;[31morg.openqa.selenium.NoSuchWindowException: no such window: target window already closed
from unknown error: web view not found
  (Session info: chrome=138.0.7204.102)
Build info: version: '4.15.0', revision: '1d14b5521b'
System info: os.name: 'Mac OS X', os.arch: 'aarch64', os.version: '15.5', java.version: '23'
Driver info: org.openqa.selenium.chrome.ChromeDriver
Command: [5759b5f8bfbc2305cd891b7d42b010e7, findElement {using=xpath, value=//div[@id='slider-carousel']}]
Capabilities {acceptInsecureCerts: false, browserName: chrome, browserVersion: 138.0.7204.102, chrome: {chromedriverVersion: 138.0.7204.157 (e533e98b126..., userDataDir: /var/folders/m_/k3b1gzss4m1...}, fedcm:accounts: true, goog:chromeOptions: {debuggerAddress: localhost:52461}, networkConnectionEnabled: false, pageLoadStrategy: normal, platformName: mac, proxy: Proxy(), se:cdp: ws://localhost:52461/devtoo..., se:cdpVersion: 138.0.7204.102, setWindowRect: true, strictFileInteractability: false, timeouts: {implicit: 0, pageLoad: 300000, script: 30000}, unhandledPromptBehavior: dismiss and notify, webauthn:extension:credBlob: true, webauthn:extension:largeBlob: true, webauthn:extension:minPinLength: true, webauthn:extension:prf: true, webauthn:virtualAuthenticators: true}
Session ID: 5759b5f8bfbc2305cd891b7d42b010e7
	at java.base/jdk.internal.reflect.DirectConstructorHandleAccessor.newInstance(DirectConstructorHandleAccessor.java:62)
	at java.base/java.lang.reflect.Constructor.newInstanceWithCaller(Constructor.java:501)
	at java.base/java.lang.reflect.Constructor.newInstance(Constructor.java:485)
	at org.openqa.selenium.remote.codec.w3c.W3CHttpResponseCodec.createException(W3CHttpResponseCodec.java:200)
	at org.openqa.selenium.remote.codec.w3c.W3CHttpResponseCodec.decode(W3CHttpResponseCodec.java:133)
	at org.openqa.selenium.remote.codec.w3c.W3CHttpResponseCodec.decode(W3CHttpResponseCodec.java:52)
	at org.openqa.selenium.remote.HttpCommandExecutor.execute(HttpCommandExecutor.java:191)
	at org.openqa.selenium.remote.service.DriverCommandExecutor.invokeExecute(DriverCommandExecutor.java:200)
	at org.openqa.selenium.remote.service.DriverCommandExecutor.execute(DriverCommandExecutor.java:175)
	at org.openqa.selenium.remote.RemoteWebDriver.execute(RemoteWebDriver.java:607)
	at org.openqa.selenium.remote.ElementLocation$ElementFinder$2.findElement(ElementLocation.java:165)
	at org.openqa.selenium.remote.ElementLocation.findElement(ElementLocation.java:59)
	at org.openqa.selenium.remote.RemoteWebDriver.findElement(RemoteWebDriver.java:364)
	at org.openqa.selenium.remote.RemoteWebDriver.findElement(RemoteWebDriver.java:358)
	at org.openqa.selenium.support.pagefactory.DefaultElementLocator.findElement(DefaultElementLocator.java:68)
	at org.openqa.selenium.support.pagefactory.internal.LocatingElementHandler.invoke(LocatingElementHandler.java:38)
	at jdk.proxy2/jdk.proxy2.$Proxy26.isDisplayed(Unknown Source)
	at Pages.HomePAge.home_page_displayed(HomePAge.java:132)
	at automationExercisesStepDefinitions.RegisterUser.verify_that_home_page_is_visible_successfully(RegisterUser.java:23)
	at ✽.Verify that home page is visible successfully(file:///Users/vara/eclipse-workspace/CucumberProject/src/test/java/automationExercise/ProductDetails.feature:6)
&amp#27;[0m
  &amp#27;[36mWhen &amp#27;[0m&amp#27;[36mClick on &amp#27;[0m&amp#27;[36m&amp#27;[1m'Products'&amp#27;[0m&amp#27;[36m button&amp#27;[0m                                             &amp#27;[90m# automationExercisesStepDefinitions.RegisterUser.click_on_button(java.lang.String)&amp#27;[0m
  &amp#27;[36mAnd &amp#27;[0m&amp#27;[36mGet the products count&amp#27;[0m                                                  &amp#27;[90m# automationExercisesStepDefinitions.ProductspageStepdefinition.products_count()&amp#27;[0m
  &amp#27;[36mThen &amp#27;[0m&amp#27;[36mPrint each product name and cost&amp#27;[0m                                       &amp#27;[90m# automationExercisesStepDefinitions.ProductspageStepdefinition.productnames_cost()&amp#27;[0m
  &amp#27;[36mAnd &amp#27;[0m&amp#27;[36mSort the products list as per cost in ascending order&amp#27;[0m                   &amp#27;[90m# automationExercisesStepDefinitions.ProductspageStepdefinition.sort_products_ascorder()&amp#27;[0m
      &amp#27;[31morg.openqa.selenium.NoSuchWindowException: no such window: target window already closed
from unknown error: web view not found
  (Session info: chrome=138.0.7204.102)
Build info: version: '4.15.0', revision: '1d14b5521b'
System info: os.name: 'Mac OS X', os.arch: 'aarch64', os.version: '15.5', java.version: '23'
Driver info: org.openqa.selenium.chrome.ChromeDriver
Command: [5759b5f8bfbc2305cd891b7d42b010e7, screenshot {}]
Capabilities {acceptInsecureCerts: false, browserName: chrome, browserVersion: 138.0.7204.102, chrome: {chromedriverVersion: 138.0.7204.157 (e533e98b126..., userDataDir: /var/folders/m_/k3b1gzss4m1...}, fedcm:accounts: true, goog:chromeOptions: {debuggerAddress: localhost:52461}, networkConnectionEnabled: false, pageLoadStrategy: normal, platformName: mac, proxy: Proxy(), se:cdp: ws://localhost:52461/devtoo..., se:cdpVersion: 138.0.7204.102, setWindowRect: true, strictFileInteractability: false, timeouts: {implicit: 0, pageLoad: 300000, script: 30000}, unhandledPromptBehavior: dismiss and notify, webauthn:extension:credBlob: true, webauthn:extension:largeBlob: true, webauthn:extension:minPinLength: true, webauthn:extension:prf: true, webauthn:virtualAuthenticators: true}
Session ID: 5759b5f8bfbc2305cd891b7d42b010e7
	at java.base/jdk.internal.reflect.DirectConstructorHandleAccessor.newInstance(DirectConstructorHandleAccessor.java:62)
	at java.base/java.lang.reflect.Constructor.newInstanceWithCaller(Constructor.java:501)
	at java.base/java.lang.reflect.Constructor.newInstance(Constructor.java:485)
	at org.openqa.selenium.remote.codec.w3c.W3CHttpResponseCodec.createException(W3CHttpResponseCodec.java:200)
	at org.openqa.selenium.remote.codec.w3c.W3CHttpResponseCodec.decode(W3CHttpResponseCodec.java:133)
	at org.openqa.selenium.remote.codec.w3c.W3CHttpResponseCodec.decode(W3CHttpResponseCodec.java:52)
	at org.openqa.selenium.remote.HttpCommandExecutor.execute(HttpCommandExecutor.java:191)
	at org.openqa.selenium.remote.service.DriverCommandExecutor.invokeExecute(DriverCommandExecutor.java:200)
	at org.openqa.selenium.remote.service.DriverCommandExecutor.execute(DriverCommandExecutor.java:175)
	at org.openqa.selenium.remote.RemoteWebDriver.execute(RemoteWebDriver.java:607)
	at org.openqa.selenium.remote.RemoteWebDriver.execute(RemoteWebDriver.java:680)
	at org.openqa.selenium.remote.RemoteWebDriver.execute(RemoteWebDriver.java:684)
	at org.openqa.selenium.remote.RemoteWebDriver.getScreenshotAs(RemoteWebDriver.java:330)
	at utils.ScreenshotUtil.takeScreenshot(ScreenshotUtil.java:30)
	at Hooks.TestHooks.tearDown(TestHooks.java:35)
&amp#27;[0m
]]></system-out>
  </testcase>
  <testcase name="runScenario[&quot;Register the user for the first time to ecommerce application&quot;, &quot;Register User&quot;](3)" classname="runners.TestNGTestRunner" time="0.017">
    <failure message="no such window: target window already closed&#10;from unknown error: web view not found&#10;  (Session info: chrome=138.0.7204.102)&#10;Build info: version: &apos;4.15.0&apos;, revision: &apos;1d14b5521b&apos;&#10;System info: os.name: &apos;Mac OS X&apos;, os.arch: &apos;aarch64&apos;, os.version: &apos;15.5&apos;, java.version: &apos;23&apos;&#10;Driver info: org.openqa.selenium.chrome.ChromeDriver&#10;Command: [5759b5f8bfbc2305cd891b7d42b010e7, findElement {using=xpath, value=//div[@id=&apos;slider-carousel&apos;]}]&#10;Capabilities {acceptInsecureCerts: false, browserName: chrome, browserVersion: 138.0.7204.102, chrome: {chromedriverVersion: 138.0.7204.157 (e533e98b126..., userDataDir: /var/folders/m_/k3b1gzss4m1...}, fedcm:accounts: true, goog:chromeOptions: {debuggerAddress: localhost:52461}, networkConnectionEnabled: false, pageLoadStrategy: normal, platformName: mac, proxy: Proxy(), se:cdp: ws://localhost:52461/devtoo..., se:cdpVersion: 138.0.7204.102, setWindowRect: true, strictFileInteractability: false, timeouts: {implicit: 0, pageLoad: 300000, script: 30000}, unhandledPromptBehavior: dismiss and notify, webauthn:extension:credBlob: true, webauthn:extension:largeBlob: true, webauthn:extension:minPinLength: true, webauthn:extension:prf: true, webauthn:virtualAuthenticators: true}&#10;Session ID: 5759b5f8bfbc2305cd891b7d42b010e7" type="org.openqa.selenium.NoSuchWindowException"><![CDATA[org.openqa.selenium.NoSuchWindowException: 
no such window: target window already closed
from unknown error: web view not found
  (Session info: chrome=138.0.7204.102)
Build info: version: '4.15.0', revision: '1d14b5521b'
System info: os.name: 'Mac OS X', os.arch: 'aarch64', os.version: '15.5', java.version: '23'
Driver info: org.openqa.selenium.chrome.ChromeDriver
Command: [5759b5f8bfbc2305cd891b7d42b010e7, findElement {using=xpath, value=//div[@id='slider-carousel']}]
Capabilities {acceptInsecureCerts: false, browserName: chrome, browserVersion: 138.0.7204.102, chrome: {chromedriverVersion: 138.0.7204.157 (e533e98b126..., userDataDir: /var/folders/m_/k3b1gzss4m1...}, fedcm:accounts: true, goog:chromeOptions: {debuggerAddress: localhost:52461}, networkConnectionEnabled: false, pageLoadStrategy: normal, platformName: mac, proxy: Proxy(), se:cdp: ws://localhost:52461/devtoo..., se:cdpVersion: 138.0.7204.102, setWindowRect: true, strictFileInteractability: false, timeouts: {implicit: 0, pageLoad: 300000, script: 30000}, unhandledPromptBehavior: dismiss and notify, webauthn:extension:credBlob: true, webauthn:extension:largeBlob: true, webauthn:extension:minPinLength: true, webauthn:extension:prf: true, webauthn:virtualAuthenticators: true}
Session ID: 5759b5f8bfbc2305cd891b7d42b010e7
	at java.base/jdk.internal.reflect.DirectConstructorHandleAccessor.newInstance(DirectConstructorHandleAccessor.java:62)
	at java.base/java.lang.reflect.Constructor.newInstanceWithCaller(Constructor.java:501)
	at java.base/java.lang.reflect.Constructor.newInstance(Constructor.java:485)
	at org.openqa.selenium.remote.codec.w3c.W3CHttpResponseCodec.createException(W3CHttpResponseCodec.java:200)
	at org.openqa.selenium.remote.codec.w3c.W3CHttpResponseCodec.decode(W3CHttpResponseCodec.java:133)
	at org.openqa.selenium.remote.codec.w3c.W3CHttpResponseCodec.decode(W3CHttpResponseCodec.java:52)
	at org.openqa.selenium.remote.HttpCommandExecutor.execute(HttpCommandExecutor.java:191)
	at org.openqa.selenium.remote.service.DriverCommandExecutor.invokeExecute(DriverCommandExecutor.java:200)
	at org.openqa.selenium.remote.service.DriverCommandExecutor.execute(DriverCommandExecutor.java:175)
	at org.openqa.selenium.remote.RemoteWebDriver.execute(RemoteWebDriver.java:607)
	at org.openqa.selenium.remote.ElementLocation$ElementFinder$2.findElement(ElementLocation.java:165)
	at org.openqa.selenium.remote.ElementLocation.findElement(ElementLocation.java:59)
	at org.openqa.selenium.remote.RemoteWebDriver.findElement(RemoteWebDriver.java:364)
	at org.openqa.selenium.remote.RemoteWebDriver.findElement(RemoteWebDriver.java:358)
	at org.openqa.selenium.support.pagefactory.DefaultElementLocator.findElement(DefaultElementLocator.java:68)
	at org.openqa.selenium.support.pagefactory.internal.LocatingElementHandler.invoke(LocatingElementHandler.java:38)
	at jdk.proxy2/jdk.proxy2.$Proxy26.isDisplayed(Unknown Source)
	at Pages.HomePAge.home_page_displayed(HomePAge.java:132)
	at automationExercisesStepDefinitions.RegisterUser.verify_that_home_page_is_visible_successfully(RegisterUser.java:23)
	at ✽.Verify that home page is visible successfully(file:///Users/vara/eclipse-workspace/CucumberProject/src/test/java/automationExercise/RegisterUser.feature:8)
]]></failure>
    <system-out><![CDATA[
Scenario Outline: Register the user for the first time to ecommerce application                                                                        &amp#27;[90m# src/test/java/automationExercise/RegisterUser.feature:27&amp#27;[0m
TestNG-tests-1 → browser = chrome
TestNG-tests-1 → headless = false
TestNG-tests-1 → mainurl = https://www.automationexercise.com/
TestNG-tests-1 → browser: chrome, url: https://www.automationexercise.com/
  &amp#27;[32mGiven &amp#27;[0m&amp#27;[32mLaunch the browser and access automation excercise site&amp#27;[0m                                                                                        &amp#27;[90m# automationExercisesStepDefinitions.RegisterUser.launch_the_browser_and_access_automation_excercise_site()&amp#27;[0m
  &amp#27;[31mThen &amp#27;[0m&amp#27;[31mVerify that home page is visible successfully&amp#27;[0m                                                                                                   &amp#27;[90m# automationExercisesStepDefinitions.RegisterUser.verify_that_home_page_is_visible_successfully()&amp#27;[0m
      &amp#27;[31morg.openqa.selenium.NoSuchWindowException: no such window: target window already closed
from unknown error: web view not found
  (Session info: chrome=138.0.7204.102)
Build info: version: '4.15.0', revision: '1d14b5521b'
System info: os.name: 'Mac OS X', os.arch: 'aarch64', os.version: '15.5', java.version: '23'
Driver info: org.openqa.selenium.chrome.ChromeDriver
Command: [5759b5f8bfbc2305cd891b7d42b010e7, findElement {using=xpath, value=//div[@id='slider-carousel']}]
Capabilities {acceptInsecureCerts: false, browserName: chrome, browserVersion: 138.0.7204.102, chrome: {chromedriverVersion: 138.0.7204.157 (e533e98b126..., userDataDir: /var/folders/m_/k3b1gzss4m1...}, fedcm:accounts: true, goog:chromeOptions: {debuggerAddress: localhost:52461}, networkConnectionEnabled: false, pageLoadStrategy: normal, platformName: mac, proxy: Proxy(), se:cdp: ws://localhost:52461/devtoo..., se:cdpVersion: 138.0.7204.102, setWindowRect: true, strictFileInteractability: false, timeouts: {implicit: 0, pageLoad: 300000, script: 30000}, unhandledPromptBehavior: dismiss and notify, webauthn:extension:credBlob: true, webauthn:extension:largeBlob: true, webauthn:extension:minPinLength: true, webauthn:extension:prf: true, webauthn:virtualAuthenticators: true}
Session ID: 5759b5f8bfbc2305cd891b7d42b010e7
	at java.base/jdk.internal.reflect.DirectConstructorHandleAccessor.newInstance(DirectConstructorHandleAccessor.java:62)
	at java.base/java.lang.reflect.Constructor.newInstanceWithCaller(Constructor.java:501)
	at java.base/java.lang.reflect.Constructor.newInstance(Constructor.java:485)
	at org.openqa.selenium.remote.codec.w3c.W3CHttpResponseCodec.createException(W3CHttpResponseCodec.java:200)
	at org.openqa.selenium.remote.codec.w3c.W3CHttpResponseCodec.decode(W3CHttpResponseCodec.java:133)
	at org.openqa.selenium.remote.codec.w3c.W3CHttpResponseCodec.decode(W3CHttpResponseCodec.java:52)
	at org.openqa.selenium.remote.HttpCommandExecutor.execute(HttpCommandExecutor.java:191)
	at org.openqa.selenium.remote.service.DriverCommandExecutor.invokeExecute(DriverCommandExecutor.java:200)
	at org.openqa.selenium.remote.service.DriverCommandExecutor.execute(DriverCommandExecutor.java:175)
	at org.openqa.selenium.remote.RemoteWebDriver.execute(RemoteWebDriver.java:607)
	at org.openqa.selenium.remote.ElementLocation$ElementFinder$2.findElement(ElementLocation.java:165)
	at org.openqa.selenium.remote.ElementLocation.findElement(ElementLocation.java:59)
	at org.openqa.selenium.remote.RemoteWebDriver.findElement(RemoteWebDriver.java:364)
	at org.openqa.selenium.remote.RemoteWebDriver.findElement(RemoteWebDriver.java:358)
	at org.openqa.selenium.support.pagefactory.DefaultElementLocator.findElement(DefaultElementLocator.java:68)
	at org.openqa.selenium.support.pagefactory.internal.LocatingElementHandler.invoke(LocatingElementHandler.java:38)
	at jdk.proxy2/jdk.proxy2.$Proxy26.isDisplayed(Unknown Source)
	at Pages.HomePAge.home_page_displayed(HomePAge.java:132)
	at automationExercisesStepDefinitions.RegisterUser.verify_that_home_page_is_visible_successfully(RegisterUser.java:23)
	at ✽.Verify that home page is visible successfully(file:///Users/vara/eclipse-workspace/CucumberProject/src/test/java/automationExercise/RegisterUser.feature:8)
&amp#27;[0m
  &amp#27;[36mWhen &amp#27;[0m&amp#27;[36mClick on &amp#27;[0m&amp#27;[36m&amp#27;[1m'Signup / Login'&amp#27;[0m&amp#27;[36m button&amp#27;[0m                                                                                                                &amp#27;[90m# automationExercisesStepDefinitions.RegisterUser.click_on_button(java.lang.String)&amp#27;[0m
  &amp#27;[36mThen &amp#27;[0m&amp#27;[36mVerify &amp#27;[0m&amp#27;[36m&amp#27;[1m'New User Signup!'&amp#27;[0m&amp#27;[36m is visible&amp#27;[0m                                                                                                            &amp#27;[90m# automationExercisesStepDefinitions.RegisterUser.verify_is_visible(java.lang.String)&amp#27;[0m
  &amp#27;[36mWhen &amp#27;[0m&amp#27;[36mEnter &amp#27;[0m&amp#27;[36m&amp#27;[1m"Alice K"&amp#27;[0m&amp#27;[36m and &amp#27;[0m&amp#27;[36m&amp#27;[1m"alicek123@mail.com"&amp#27;[0m                                                                                                        &amp#27;[90m# automationExercisesStepDefinitions.RegisterUser.enter_username_email(java.lang.String,java.lang.String)&amp#27;[0m
  &amp#27;[36mAnd &amp#27;[0m&amp#27;[36mClick &amp#27;[0m&amp#27;[36m&amp#27;[1m'Signup'&amp#27;[0m&amp#27;[36m button&amp#27;[0m                                                                                                                            &amp#27;[90m# automationExercisesStepDefinitions.RegisterUser.click_btn(java.lang.String)&amp#27;[0m
  &amp#27;[36mThen &amp#27;[0m&amp#27;[36mVerify that the &amp#27;[0m&amp#27;[36m&amp#27;[1m'Enter Account Information'&amp#27;[0m&amp#27;[36m is visible&amp#27;[0m                                                                                          &amp#27;[90m# automationExercisesStepDefinitions.RegisterUser.verify_that_is_visible(java.lang.String)&amp#27;[0m
  &amp#27;[36mWhen &amp#27;[0m&amp#27;[36mFill details: &amp#27;[0m&amp#27;[36m&amp#27;[1m"Mrs."&amp#27;[0m&amp#27;[36m, &amp#27;[0m&amp#27;[36m&amp#27;[1m"Alice K"&amp#27;[0m&amp#27;[36m, &amp#27;[0m&amp#27;[36m&amp#27;[1m"alicek123@mail.com"&amp#27;[0m&amp#27;[36m, &amp#27;[0m&amp#27;[36m&amp#27;[1m"A1!ice@23"&amp#27;[0m&amp#27;[36m, &amp#27;[0m&amp#27;[36m&amp#27;[1m"12-June-1997"&amp#27;[0m                                                              &amp#27;[90m# automationExercisesStepDefinitions.RegisterUser.fill_basic_details(java.lang.String,java.lang.String,java.lang.String,java.lang.String,java.lang.String)&amp#27;[0m
  &amp#27;[36mAnd &amp#27;[0m&amp#27;[36mSelect checkbox &amp#27;[0m&amp#27;[36m&amp#27;[1m'Sign up for our newsletter!'&amp#27;[0m                                                                                                    &amp#27;[90m# automationExercisesStepDefinitions.RegisterUser.select_newsletter_checkbox(java.lang.String)&amp#27;[0m
  &amp#27;[36mAnd &amp#27;[0m&amp#27;[36mSelect checkbox &amp#27;[0m&amp#27;[36m&amp#27;[1m'Receive special offers from our partners!'&amp#27;[0m                                                                                      &amp#27;[90m# automationExercisesStepDefinitions.RegisterUser.select_newsletter_checkbox(java.lang.String)&amp#27;[0m
  &amp#27;[36mWhen &amp#27;[0m&amp#27;[36mFill details: &amp#27;[0m&amp#27;[36m&amp#27;[1m"Alice"&amp#27;[0m&amp#27;[36m, &amp#27;[0m&amp#27;[36m&amp#27;[1m"Kapoor"&amp#27;[0m&amp#27;[36m, &amp#27;[0m&amp#27;[36m&amp#27;[1m"GreenSoft Ltd"&amp#27;[0m&amp#27;[36m, &amp#27;[0m&amp#27;[36m&amp#27;[1m"221B Baker Street"&amp#27;[0m&amp#27;[36m, &amp#27;[0m&amp#27;[36m&amp#27;[1m"Apt 4B"&amp#27;[0m&amp#27;[36m, &amp#27;[0m&amp#27;[36m&amp#27;[1m"United States"&amp#27;[0m&amp#27;[36m, &amp#27;[0m&amp#27;[36m&amp#27;[1m"New York"&amp#27;[0m&amp#27;[36m, &amp#27;[0m&amp#27;[36m&amp#27;[1m"New York"&amp#27;[0m&amp#27;[36m, &amp#27;[0m&amp#27;[36m&amp#27;[1m"10001"&amp#27;[0m&amp#27;[36m, &amp#27;[0m&amp#27;[36m&amp#27;[1m"9876543210"&amp#27;[0m &amp#27;[90m# automationExercisesStepDefinitions.RegisterUser.fill_address_details(java.lang.String,java.lang.String,java.lang.String,java.lang.String,java.lang.String,java.lang.String,java.lang.String,java.lang.String,java.lang.String,java.lang.String)&amp#27;[0m
  &amp#27;[36mAnd &amp#27;[0m&amp#27;[36mClick &amp#27;[0m&amp#27;[36m&amp#27;[1m'Create Account'&amp#27;[0m&amp#27;[36m button&amp#27;[0m                                                                                                                    &amp#27;[90m# automationExercisesStepDefinitions.RegisterUser.click_btn(java.lang.String)&amp#27;[0m
  &amp#27;[36mThen &amp#27;[0m&amp#27;[36mVerify &amp#27;[0m&amp#27;[36m&amp#27;[1m'Account Created!'&amp#27;[0m&amp#27;[36m is visible&amp#27;[0m                                                                                                            &amp#27;[90m# automationExercisesStepDefinitions.RegisterUser.verify_is_visible(java.lang.String)&amp#27;[0m
  &amp#27;[36mWhen &amp#27;[0m&amp#27;[36mClick on &amp#27;[0m&amp#27;[36m&amp#27;[1m'Continue'&amp#27;[0m&amp#27;[36m button&amp#27;[0m                                                                                                                      &amp#27;[90m# automationExercisesStepDefinitions.RegisterUser.click_on_button(java.lang.String)&amp#27;[0m
  &amp#27;[36mThen &amp#27;[0m&amp#27;[36mVerify that 'Logged in as username' is visible&amp#27;[0m                                                                                                  &amp#27;[90m# automationExercisesStepDefinitions.RegisterUser.verify_logged_in_as_username_is_visible()&amp#27;[0m
      &amp#27;[31morg.openqa.selenium.NoSuchWindowException: no such window: target window already closed
from unknown error: web view not found
  (Session info: chrome=138.0.7204.102)
Build info: version: '4.15.0', revision: '1d14b5521b'
System info: os.name: 'Mac OS X', os.arch: 'aarch64', os.version: '15.5', java.version: '23'
Driver info: org.openqa.selenium.chrome.ChromeDriver
Command: [5759b5f8bfbc2305cd891b7d42b010e7, screenshot {}]
Capabilities {acceptInsecureCerts: false, browserName: chrome, browserVersion: 138.0.7204.102, chrome: {chromedriverVersion: 138.0.7204.157 (e533e98b126..., userDataDir: /var/folders/m_/k3b1gzss4m1...}, fedcm:accounts: true, goog:chromeOptions: {debuggerAddress: localhost:52461}, networkConnectionEnabled: false, pageLoadStrategy: normal, platformName: mac, proxy: Proxy(), se:cdp: ws://localhost:52461/devtoo..., se:cdpVersion: 138.0.7204.102, setWindowRect: true, strictFileInteractability: false, timeouts: {implicit: 0, pageLoad: 300000, script: 30000}, unhandledPromptBehavior: dismiss and notify, webauthn:extension:credBlob: true, webauthn:extension:largeBlob: true, webauthn:extension:minPinLength: true, webauthn:extension:prf: true, webauthn:virtualAuthenticators: true}
Session ID: 5759b5f8bfbc2305cd891b7d42b010e7
	at java.base/jdk.internal.reflect.DirectConstructorHandleAccessor.newInstance(DirectConstructorHandleAccessor.java:62)
	at java.base/java.lang.reflect.Constructor.newInstanceWithCaller(Constructor.java:501)
	at java.base/java.lang.reflect.Constructor.newInstance(Constructor.java:485)
	at org.openqa.selenium.remote.codec.w3c.W3CHttpResponseCodec.createException(W3CHttpResponseCodec.java:200)
	at org.openqa.selenium.remote.codec.w3c.W3CHttpResponseCodec.decode(W3CHttpResponseCodec.java:133)
	at org.openqa.selenium.remote.codec.w3c.W3CHttpResponseCodec.decode(W3CHttpResponseCodec.java:52)
	at org.openqa.selenium.remote.HttpCommandExecutor.execute(HttpCommandExecutor.java:191)
	at org.openqa.selenium.remote.service.DriverCommandExecutor.invokeExecute(DriverCommandExecutor.java:200)
	at org.openqa.selenium.remote.service.DriverCommandExecutor.execute(DriverCommandExecutor.java:175)
	at org.openqa.selenium.remote.RemoteWebDriver.execute(RemoteWebDriver.java:607)
	at org.openqa.selenium.remote.RemoteWebDriver.execute(RemoteWebDriver.java:680)
	at org.openqa.selenium.remote.RemoteWebDriver.execute(RemoteWebDriver.java:684)
	at org.openqa.selenium.remote.RemoteWebDriver.getScreenshotAs(RemoteWebDriver.java:330)
	at utils.ScreenshotUtil.takeScreenshot(ScreenshotUtil.java:30)
	at Hooks.TestHooks.tearDown(TestHooks.java:35)
&amp#27;[0m
]]></system-out>
  </testcase>
  <testcase name="runScenario[&quot;Register the user for the first time to ecommerce application&quot;, &quot;Register User&quot;](4)" classname="runners.TestNGTestRunner" time="0.013">
    <failure message="no such window: target window already closed&#10;from unknown error: web view not found&#10;  (Session info: chrome=138.0.7204.102)&#10;Build info: version: &apos;4.15.0&apos;, revision: &apos;1d14b5521b&apos;&#10;System info: os.name: &apos;Mac OS X&apos;, os.arch: &apos;aarch64&apos;, os.version: &apos;15.5&apos;, java.version: &apos;23&apos;&#10;Driver info: org.openqa.selenium.chrome.ChromeDriver&#10;Command: [5759b5f8bfbc2305cd891b7d42b010e7, findElement {using=xpath, value=//div[@id=&apos;slider-carousel&apos;]}]&#10;Capabilities {acceptInsecureCerts: false, browserName: chrome, browserVersion: 138.0.7204.102, chrome: {chromedriverVersion: 138.0.7204.157 (e533e98b126..., userDataDir: /var/folders/m_/k3b1gzss4m1...}, fedcm:accounts: true, goog:chromeOptions: {debuggerAddress: localhost:52461}, networkConnectionEnabled: false, pageLoadStrategy: normal, platformName: mac, proxy: Proxy(), se:cdp: ws://localhost:52461/devtoo..., se:cdpVersion: 138.0.7204.102, setWindowRect: true, strictFileInteractability: false, timeouts: {implicit: 0, pageLoad: 300000, script: 30000}, unhandledPromptBehavior: dismiss and notify, webauthn:extension:credBlob: true, webauthn:extension:largeBlob: true, webauthn:extension:minPinLength: true, webauthn:extension:prf: true, webauthn:virtualAuthenticators: true}&#10;Session ID: 5759b5f8bfbc2305cd891b7d42b010e7" type="org.openqa.selenium.NoSuchWindowException"><![CDATA[org.openqa.selenium.NoSuchWindowException: 
no such window: target window already closed
from unknown error: web view not found
  (Session info: chrome=138.0.7204.102)
Build info: version: '4.15.0', revision: '1d14b5521b'
System info: os.name: 'Mac OS X', os.arch: 'aarch64', os.version: '15.5', java.version: '23'
Driver info: org.openqa.selenium.chrome.ChromeDriver
Command: [5759b5f8bfbc2305cd891b7d42b010e7, findElement {using=xpath, value=//div[@id='slider-carousel']}]
Capabilities {acceptInsecureCerts: false, browserName: chrome, browserVersion: 138.0.7204.102, chrome: {chromedriverVersion: 138.0.7204.157 (e533e98b126..., userDataDir: /var/folders/m_/k3b1gzss4m1...}, fedcm:accounts: true, goog:chromeOptions: {debuggerAddress: localhost:52461}, networkConnectionEnabled: false, pageLoadStrategy: normal, platformName: mac, proxy: Proxy(), se:cdp: ws://localhost:52461/devtoo..., se:cdpVersion: 138.0.7204.102, setWindowRect: true, strictFileInteractability: false, timeouts: {implicit: 0, pageLoad: 300000, script: 30000}, unhandledPromptBehavior: dismiss and notify, webauthn:extension:credBlob: true, webauthn:extension:largeBlob: true, webauthn:extension:minPinLength: true, webauthn:extension:prf: true, webauthn:virtualAuthenticators: true}
Session ID: 5759b5f8bfbc2305cd891b7d42b010e7
	at java.base/jdk.internal.reflect.DirectConstructorHandleAccessor.newInstance(DirectConstructorHandleAccessor.java:62)
	at java.base/java.lang.reflect.Constructor.newInstanceWithCaller(Constructor.java:501)
	at java.base/java.lang.reflect.Constructor.newInstance(Constructor.java:485)
	at org.openqa.selenium.remote.codec.w3c.W3CHttpResponseCodec.createException(W3CHttpResponseCodec.java:200)
	at org.openqa.selenium.remote.codec.w3c.W3CHttpResponseCodec.decode(W3CHttpResponseCodec.java:133)
	at org.openqa.selenium.remote.codec.w3c.W3CHttpResponseCodec.decode(W3CHttpResponseCodec.java:52)
	at org.openqa.selenium.remote.HttpCommandExecutor.execute(HttpCommandExecutor.java:191)
	at org.openqa.selenium.remote.service.DriverCommandExecutor.invokeExecute(DriverCommandExecutor.java:200)
	at org.openqa.selenium.remote.service.DriverCommandExecutor.execute(DriverCommandExecutor.java:175)
	at org.openqa.selenium.remote.RemoteWebDriver.execute(RemoteWebDriver.java:607)
	at org.openqa.selenium.remote.ElementLocation$ElementFinder$2.findElement(ElementLocation.java:165)
	at org.openqa.selenium.remote.ElementLocation.findElement(ElementLocation.java:59)
	at org.openqa.selenium.remote.RemoteWebDriver.findElement(RemoteWebDriver.java:364)
	at org.openqa.selenium.remote.RemoteWebDriver.findElement(RemoteWebDriver.java:358)
	at org.openqa.selenium.support.pagefactory.DefaultElementLocator.findElement(DefaultElementLocator.java:68)
	at org.openqa.selenium.support.pagefactory.internal.LocatingElementHandler.invoke(LocatingElementHandler.java:38)
	at jdk.proxy2/jdk.proxy2.$Proxy26.isDisplayed(Unknown Source)
	at Pages.HomePAge.home_page_displayed(HomePAge.java:132)
	at automationExercisesStepDefinitions.RegisterUser.verify_that_home_page_is_visible_successfully(RegisterUser.java:23)
	at ✽.Verify that home page is visible successfully(file:///Users/vara/eclipse-workspace/CucumberProject/src/test/java/automationExercise/RegisterUser.feature:8)
]]></failure>
    <system-out><![CDATA[
Scenario Outline: Register the user for the first time to ecommerce application                                                             &amp#27;[90m# src/test/java/automationExercise/RegisterUser.feature:28&amp#27;[0m
TestNG-tests-1 → browser = chrome
TestNG-tests-1 → headless = false
TestNG-tests-1 → mainurl = https://www.automationexercise.com/
TestNG-tests-1 → browser: chrome, url: https://www.automationexercise.com/
  &amp#27;[32mGiven &amp#27;[0m&amp#27;[32mLaunch the browser and access automation excercise site&amp#27;[0m                                                                             &amp#27;[90m# automationExercisesStepDefinitions.RegisterUser.launch_the_browser_and_access_automation_excercise_site()&amp#27;[0m
  &amp#27;[31mThen &amp#27;[0m&amp#27;[31mVerify that home page is visible successfully&amp#27;[0m                                                                                        &amp#27;[90m# automationExercisesStepDefinitions.RegisterUser.verify_that_home_page_is_visible_successfully()&amp#27;[0m
      &amp#27;[31morg.openqa.selenium.NoSuchWindowException: no such window: target window already closed
from unknown error: web view not found
  (Session info: chrome=138.0.7204.102)
Build info: version: '4.15.0', revision: '1d14b5521b'
System info: os.name: 'Mac OS X', os.arch: 'aarch64', os.version: '15.5', java.version: '23'
Driver info: org.openqa.selenium.chrome.ChromeDriver
Command: [5759b5f8bfbc2305cd891b7d42b010e7, findElement {using=xpath, value=//div[@id='slider-carousel']}]
Capabilities {acceptInsecureCerts: false, browserName: chrome, browserVersion: 138.0.7204.102, chrome: {chromedriverVersion: 138.0.7204.157 (e533e98b126..., userDataDir: /var/folders/m_/k3b1gzss4m1...}, fedcm:accounts: true, goog:chromeOptions: {debuggerAddress: localhost:52461}, networkConnectionEnabled: false, pageLoadStrategy: normal, platformName: mac, proxy: Proxy(), se:cdp: ws://localhost:52461/devtoo..., se:cdpVersion: 138.0.7204.102, setWindowRect: true, strictFileInteractability: false, timeouts: {implicit: 0, pageLoad: 300000, script: 30000}, unhandledPromptBehavior: dismiss and notify, webauthn:extension:credBlob: true, webauthn:extension:largeBlob: true, webauthn:extension:minPinLength: true, webauthn:extension:prf: true, webauthn:virtualAuthenticators: true}
Session ID: 5759b5f8bfbc2305cd891b7d42b010e7
	at java.base/jdk.internal.reflect.DirectConstructorHandleAccessor.newInstance(DirectConstructorHandleAccessor.java:62)
	at java.base/java.lang.reflect.Constructor.newInstanceWithCaller(Constructor.java:501)
	at java.base/java.lang.reflect.Constructor.newInstance(Constructor.java:485)
	at org.openqa.selenium.remote.codec.w3c.W3CHttpResponseCodec.createException(W3CHttpResponseCodec.java:200)
	at org.openqa.selenium.remote.codec.w3c.W3CHttpResponseCodec.decode(W3CHttpResponseCodec.java:133)
	at org.openqa.selenium.remote.codec.w3c.W3CHttpResponseCodec.decode(W3CHttpResponseCodec.java:52)
	at org.openqa.selenium.remote.HttpCommandExecutor.execute(HttpCommandExecutor.java:191)
	at org.openqa.selenium.remote.service.DriverCommandExecutor.invokeExecute(DriverCommandExecutor.java:200)
	at org.openqa.selenium.remote.service.DriverCommandExecutor.execute(DriverCommandExecutor.java:175)
	at org.openqa.selenium.remote.RemoteWebDriver.execute(RemoteWebDriver.java:607)
	at org.openqa.selenium.remote.ElementLocation$ElementFinder$2.findElement(ElementLocation.java:165)
	at org.openqa.selenium.remote.ElementLocation.findElement(ElementLocation.java:59)
	at org.openqa.selenium.remote.RemoteWebDriver.findElement(RemoteWebDriver.java:364)
	at org.openqa.selenium.remote.RemoteWebDriver.findElement(RemoteWebDriver.java:358)
	at org.openqa.selenium.support.pagefactory.DefaultElementLocator.findElement(DefaultElementLocator.java:68)
	at org.openqa.selenium.support.pagefactory.internal.LocatingElementHandler.invoke(LocatingElementHandler.java:38)
	at jdk.proxy2/jdk.proxy2.$Proxy26.isDisplayed(Unknown Source)
	at Pages.HomePAge.home_page_displayed(HomePAge.java:132)
	at automationExercisesStepDefinitions.RegisterUser.verify_that_home_page_is_visible_successfully(RegisterUser.java:23)
	at ✽.Verify that home page is visible successfully(file:///Users/vara/eclipse-workspace/CucumberProject/src/test/java/automationExercise/RegisterUser.feature:8)
&amp#27;[0m
  &amp#27;[36mWhen &amp#27;[0m&amp#27;[36mClick on &amp#27;[0m&amp#27;[36m&amp#27;[1m'Signup / Login'&amp#27;[0m&amp#27;[36m button&amp#27;[0m                                                                                                     &amp#27;[90m# automationExercisesStepDefinitions.RegisterUser.click_on_button(java.lang.String)&amp#27;[0m
  &amp#27;[36mThen &amp#27;[0m&amp#27;[36mVerify &amp#27;[0m&amp#27;[36m&amp#27;[1m'New User Signup!'&amp#27;[0m&amp#27;[36m is visible&amp#27;[0m                                                                                                 &amp#27;[90m# automationExercisesStepDefinitions.RegisterUser.verify_is_visible(java.lang.String)&amp#27;[0m
  &amp#27;[36mWhen &amp#27;[0m&amp#27;[36mEnter &amp#27;[0m&amp#27;[36m&amp#27;[1m"John D"&amp#27;[0m&amp#27;[36m and &amp#27;[0m&amp#27;[36m&amp#27;[1m"john.doe99@gmail.com"&amp#27;[0m                                                                                            &amp#27;[90m# automationExercisesStepDefinitions.RegisterUser.enter_username_email(java.lang.String,java.lang.String)&amp#27;[0m
  &amp#27;[36mAnd &amp#27;[0m&amp#27;[36mClick &amp#27;[0m&amp#27;[36m&amp#27;[1m'Signup'&amp#27;[0m&amp#27;[36m button&amp#27;[0m                                                                                                                 &amp#27;[90m# automationExercisesStepDefinitions.RegisterUser.click_btn(java.lang.String)&amp#27;[0m
  &amp#27;[36mThen &amp#27;[0m&amp#27;[36mVerify that the &amp#27;[0m&amp#27;[36m&amp#27;[1m'Enter Account Information'&amp#27;[0m&amp#27;[36m is visible&amp#27;[0m                                                                               &amp#27;[90m# automationExercisesStepDefinitions.RegisterUser.verify_that_is_visible(java.lang.String)&amp#27;[0m
  &amp#27;[36mWhen &amp#27;[0m&amp#27;[36mFill details: &amp#27;[0m&amp#27;[36m&amp#27;[1m"Mr."&amp#27;[0m&amp#27;[36m, &amp#27;[0m&amp#27;[36m&amp#27;[1m"John D"&amp#27;[0m&amp#27;[36m, &amp#27;[0m&amp#27;[36m&amp#27;[1m"john.doe99@gmail.com"&amp#27;[0m&amp#27;[36m, &amp#27;[0m&amp#27;[36m&amp#27;[1m"Jd@Pass9"&amp#27;[0m&amp#27;[36m, &amp#27;[0m&amp#27;[36m&amp#27;[1m"9-September-1988"&amp#27;[0m                                                &amp#27;[90m# automationExercisesStepDefinitions.RegisterUser.fill_basic_details(java.lang.String,java.lang.String,java.lang.String,java.lang.String,java.lang.String)&amp#27;[0m
  &amp#27;[36mAnd &amp#27;[0m&amp#27;[36mSelect checkbox &amp#27;[0m&amp#27;[36m&amp#27;[1m'Sign up for our newsletter!'&amp#27;[0m                                                                                         &amp#27;[90m# automationExercisesStepDefinitions.RegisterUser.select_newsletter_checkbox(java.lang.String)&amp#27;[0m
  &amp#27;[36mAnd &amp#27;[0m&amp#27;[36mSelect checkbox &amp#27;[0m&amp#27;[36m&amp#27;[1m'Receive special offers from our partners!'&amp#27;[0m                                                                           &amp#27;[90m# automationExercisesStepDefinitions.RegisterUser.select_newsletter_checkbox(java.lang.String)&amp#27;[0m
  &amp#27;[36mWhen &amp#27;[0m&amp#27;[36mFill details: &amp#27;[0m&amp#27;[36m&amp#27;[1m"John"&amp#27;[0m&amp#27;[36m, &amp#27;[0m&amp#27;[36m&amp#27;[1m"Doe"&amp#27;[0m&amp#27;[36m, &amp#27;[0m&amp#27;[36m&amp#27;[1m"FinCorp Inc"&amp#27;[0m&amp#27;[36m, &amp#27;[0m&amp#27;[36m&amp#27;[1m"14 Elmwood Drive"&amp#27;[0m&amp#27;[36m, &amp#27;[0m&amp#27;[36m&amp#27;[1m"Suite 210"&amp#27;[0m&amp#27;[36m, &amp#27;[0m&amp#27;[36m&amp#27;[1m"Canada"&amp#27;[0m&amp#27;[36m, &amp#27;[0m&amp#27;[36m&amp#27;[1m"Ontario"&amp#27;[0m&amp#27;[36m, &amp#27;[0m&amp#27;[36m&amp#27;[1m"Toronto"&amp#27;[0m&amp#27;[36m, &amp#27;[0m&amp#27;[36m&amp#27;[1m"M5V 3L9"&amp#27;[0m&amp#27;[36m, &amp#27;[0m&amp#27;[36m&amp#27;[1m"9123456789"&amp#27;[0m &amp#27;[90m# automationExercisesStepDefinitions.RegisterUser.fill_address_details(java.lang.String,java.lang.String,java.lang.String,java.lang.String,java.lang.String,java.lang.String,java.lang.String,java.lang.String,java.lang.String,java.lang.String)&amp#27;[0m
  &amp#27;[36mAnd &amp#27;[0m&amp#27;[36mClick &amp#27;[0m&amp#27;[36m&amp#27;[1m'Create Account'&amp#27;[0m&amp#27;[36m button&amp#27;[0m                                                                                                         &amp#27;[90m# automationExercisesStepDefinitions.RegisterUser.click_btn(java.lang.String)&amp#27;[0m
  &amp#27;[36mThen &amp#27;[0m&amp#27;[36mVerify &amp#27;[0m&amp#27;[36m&amp#27;[1m'Account Created!'&amp#27;[0m&amp#27;[36m is visible&amp#27;[0m                                                                                                 &amp#27;[90m# automationExercisesStepDefinitions.RegisterUser.verify_is_visible(java.lang.String)&amp#27;[0m
  &amp#27;[36mWhen &amp#27;[0m&amp#27;[36mClick on &amp#27;[0m&amp#27;[36m&amp#27;[1m'Continue'&amp#27;[0m&amp#27;[36m button&amp#27;[0m                                                                                                           &amp#27;[90m# automationExercisesStepDefinitions.RegisterUser.click_on_button(java.lang.String)&amp#27;[0m
  &amp#27;[36mThen &amp#27;[0m&amp#27;[36mVerify that 'Logged in as username' is visible&amp#27;[0m                                                                                       &amp#27;[90m# automationExercisesStepDefinitions.RegisterUser.verify_logged_in_as_username_is_visible()&amp#27;[0m
      &amp#27;[31morg.openqa.selenium.NoSuchWindowException: no such window: target window already closed
from unknown error: web view not found
  (Session info: chrome=138.0.7204.102)
Build info: version: '4.15.0', revision: '1d14b5521b'
System info: os.name: 'Mac OS X', os.arch: 'aarch64', os.version: '15.5', java.version: '23'
Driver info: org.openqa.selenium.chrome.ChromeDriver
Command: [5759b5f8bfbc2305cd891b7d42b010e7, screenshot {}]
Capabilities {acceptInsecureCerts: false, browserName: chrome, browserVersion: 138.0.7204.102, chrome: {chromedriverVersion: 138.0.7204.157 (e533e98b126..., userDataDir: /var/folders/m_/k3b1gzss4m1...}, fedcm:accounts: true, goog:chromeOptions: {debuggerAddress: localhost:52461}, networkConnectionEnabled: false, pageLoadStrategy: normal, platformName: mac, proxy: Proxy(), se:cdp: ws://localhost:52461/devtoo..., se:cdpVersion: 138.0.7204.102, setWindowRect: true, strictFileInteractability: false, timeouts: {implicit: 0, pageLoad: 300000, script: 30000}, unhandledPromptBehavior: dismiss and notify, webauthn:extension:credBlob: true, webauthn:extension:largeBlob: true, webauthn:extension:minPinLength: true, webauthn:extension:prf: true, webauthn:virtualAuthenticators: true}
Session ID: 5759b5f8bfbc2305cd891b7d42b010e7
	at java.base/jdk.internal.reflect.DirectConstructorHandleAccessor.newInstance(DirectConstructorHandleAccessor.java:62)
	at java.base/java.lang.reflect.Constructor.newInstanceWithCaller(Constructor.java:501)
	at java.base/java.lang.reflect.Constructor.newInstance(Constructor.java:485)
	at org.openqa.selenium.remote.codec.w3c.W3CHttpResponseCodec.createException(W3CHttpResponseCodec.java:200)
	at org.openqa.selenium.remote.codec.w3c.W3CHttpResponseCodec.decode(W3CHttpResponseCodec.java:133)
	at org.openqa.selenium.remote.codec.w3c.W3CHttpResponseCodec.decode(W3CHttpResponseCodec.java:52)
	at org.openqa.selenium.remote.HttpCommandExecutor.execute(HttpCommandExecutor.java:191)
	at org.openqa.selenium.remote.service.DriverCommandExecutor.invokeExecute(DriverCommandExecutor.java:200)
	at org.openqa.selenium.remote.service.DriverCommandExecutor.execute(DriverCommandExecutor.java:175)
	at org.openqa.selenium.remote.RemoteWebDriver.execute(RemoteWebDriver.java:607)
	at org.openqa.selenium.remote.RemoteWebDriver.execute(RemoteWebDriver.java:680)
	at org.openqa.selenium.remote.RemoteWebDriver.execute(RemoteWebDriver.java:684)
	at org.openqa.selenium.remote.RemoteWebDriver.getScreenshotAs(RemoteWebDriver.java:330)
	at utils.ScreenshotUtil.takeScreenshot(ScreenshotUtil.java:30)
	at Hooks.TestHooks.tearDown(TestHooks.java:35)
&amp#27;[0m
]]></system-out>
  </testcase>
  <testcase name="runScenario[&quot;Login User with correct email and password&quot;, &quot;User Login to Automation Exercise Website&quot;](5)" classname="runners.TestNGTestRunner" time="0.041">
    <failure message="no such window: target window already closed&#10;from unknown error: web view not found&#10;  (Session info: chrome=138.0.7204.102)&#10;Build info: version: &apos;4.15.0&apos;, revision: &apos;1d14b5521b&apos;&#10;System info: os.name: &apos;Mac OS X&apos;, os.arch: &apos;aarch64&apos;, os.version: &apos;15.5&apos;, java.version: &apos;23&apos;&#10;Driver info: org.openqa.selenium.chrome.ChromeDriver&#10;Command: [5759b5f8bfbc2305cd891b7d42b010e7, findElement {using=xpath, value=//div[@id=&apos;slider-carousel&apos;]}]&#10;Capabilities {acceptInsecureCerts: false, browserName: chrome, browserVersion: 138.0.7204.102, chrome: {chromedriverVersion: 138.0.7204.157 (e533e98b126..., userDataDir: /var/folders/m_/k3b1gzss4m1...}, fedcm:accounts: true, goog:chromeOptions: {debuggerAddress: localhost:52461}, networkConnectionEnabled: false, pageLoadStrategy: normal, platformName: mac, proxy: Proxy(), se:cdp: ws://localhost:52461/devtoo..., se:cdpVersion: 138.0.7204.102, setWindowRect: true, strictFileInteractability: false, timeouts: {implicit: 0, pageLoad: 300000, script: 30000}, unhandledPromptBehavior: dismiss and notify, webauthn:extension:credBlob: true, webauthn:extension:largeBlob: true, webauthn:extension:minPinLength: true, webauthn:extension:prf: true, webauthn:virtualAuthenticators: true}&#10;Session ID: 5759b5f8bfbc2305cd891b7d42b010e7" type="org.openqa.selenium.NoSuchWindowException"><![CDATA[org.openqa.selenium.NoSuchWindowException: 
no such window: target window already closed
from unknown error: web view not found
  (Session info: chrome=138.0.7204.102)
Build info: version: '4.15.0', revision: '1d14b5521b'
System info: os.name: 'Mac OS X', os.arch: 'aarch64', os.version: '15.5', java.version: '23'
Driver info: org.openqa.selenium.chrome.ChromeDriver
Command: [5759b5f8bfbc2305cd891b7d42b010e7, findElement {using=xpath, value=//div[@id='slider-carousel']}]
Capabilities {acceptInsecureCerts: false, browserName: chrome, browserVersion: 138.0.7204.102, chrome: {chromedriverVersion: 138.0.7204.157 (e533e98b126..., userDataDir: /var/folders/m_/k3b1gzss4m1...}, fedcm:accounts: true, goog:chromeOptions: {debuggerAddress: localhost:52461}, networkConnectionEnabled: false, pageLoadStrategy: normal, platformName: mac, proxy: Proxy(), se:cdp: ws://localhost:52461/devtoo..., se:cdpVersion: 138.0.7204.102, setWindowRect: true, strictFileInteractability: false, timeouts: {implicit: 0, pageLoad: 300000, script: 30000}, unhandledPromptBehavior: dismiss and notify, webauthn:extension:credBlob: true, webauthn:extension:largeBlob: true, webauthn:extension:minPinLength: true, webauthn:extension:prf: true, webauthn:virtualAuthenticators: true}
Session ID: 5759b5f8bfbc2305cd891b7d42b010e7
	at java.base/jdk.internal.reflect.DirectConstructorHandleAccessor.newInstance(DirectConstructorHandleAccessor.java:62)
	at java.base/java.lang.reflect.Constructor.newInstanceWithCaller(Constructor.java:501)
	at java.base/java.lang.reflect.Constructor.newInstance(Constructor.java:485)
	at org.openqa.selenium.remote.codec.w3c.W3CHttpResponseCodec.createException(W3CHttpResponseCodec.java:200)
	at org.openqa.selenium.remote.codec.w3c.W3CHttpResponseCodec.decode(W3CHttpResponseCodec.java:133)
	at org.openqa.selenium.remote.codec.w3c.W3CHttpResponseCodec.decode(W3CHttpResponseCodec.java:52)
	at org.openqa.selenium.remote.HttpCommandExecutor.execute(HttpCommandExecutor.java:191)
	at org.openqa.selenium.remote.service.DriverCommandExecutor.invokeExecute(DriverCommandExecutor.java:200)
	at org.openqa.selenium.remote.service.DriverCommandExecutor.execute(DriverCommandExecutor.java:175)
	at org.openqa.selenium.remote.RemoteWebDriver.execute(RemoteWebDriver.java:607)
	at org.openqa.selenium.remote.ElementLocation$ElementFinder$2.findElement(ElementLocation.java:165)
	at org.openqa.selenium.remote.ElementLocation.findElement(ElementLocation.java:59)
	at org.openqa.selenium.remote.RemoteWebDriver.findElement(RemoteWebDriver.java:364)
	at org.openqa.selenium.remote.RemoteWebDriver.findElement(RemoteWebDriver.java:358)
	at org.openqa.selenium.support.pagefactory.DefaultElementLocator.findElement(DefaultElementLocator.java:68)
	at org.openqa.selenium.support.pagefactory.internal.LocatingElementHandler.invoke(LocatingElementHandler.java:38)
	at jdk.proxy2/jdk.proxy2.$Proxy26.isDisplayed(Unknown Source)
	at Pages.HomePAge.home_page_displayed(HomePAge.java:132)
	at automationExercisesStepDefinitions.RegisterUser.verify_that_home_page_is_visible_successfully(RegisterUser.java:23)
	at ✽.Verify that home page is visible successfully(file:///Users/vara/eclipse-workspace/CucumberProject/src/test/java/automationExercise/UserLogin.feature:8)
]]></failure>
    <system-out><![CDATA[
Scenario Outline: Login User with correct email and password    &amp#27;[90m# src/test/java/automationExercise/UserLogin.feature:21&amp#27;[0m
TestNG-tests-1 → browser = chrome
TestNG-tests-1 → headless = false
TestNG-tests-1 → mainurl = https://www.automationexercise.com/
TestNG-tests-1 → browser: chrome, url: https://www.automationexercise.com/
  &amp#27;[32mGiven &amp#27;[0m&amp#27;[32mLaunch the browser and access automation excercise site&amp#27;[0m &amp#27;[90m# automationExercisesStepDefinitions.RegisterUser.launch_the_browser_and_access_automation_excercise_site()&amp#27;[0m
  &amp#27;[31mThen &amp#27;[0m&amp#27;[31mVerify that home page is visible successfully&amp#27;[0m            &amp#27;[90m# automationExercisesStepDefinitions.RegisterUser.verify_that_home_page_is_visible_successfully()&amp#27;[0m
      &amp#27;[31morg.openqa.selenium.NoSuchWindowException: no such window: target window already closed
from unknown error: web view not found
  (Session info: chrome=138.0.7204.102)
Build info: version: '4.15.0', revision: '1d14b5521b'
System info: os.name: 'Mac OS X', os.arch: 'aarch64', os.version: '15.5', java.version: '23'
Driver info: org.openqa.selenium.chrome.ChromeDriver
Command: [5759b5f8bfbc2305cd891b7d42b010e7, findElement {using=xpath, value=//div[@id='slider-carousel']}]
Capabilities {acceptInsecureCerts: false, browserName: chrome, browserVersion: 138.0.7204.102, chrome: {chromedriverVersion: 138.0.7204.157 (e533e98b126..., userDataDir: /var/folders/m_/k3b1gzss4m1...}, fedcm:accounts: true, goog:chromeOptions: {debuggerAddress: localhost:52461}, networkConnectionEnabled: false, pageLoadStrategy: normal, platformName: mac, proxy: Proxy(), se:cdp: ws://localhost:52461/devtoo..., se:cdpVersion: 138.0.7204.102, setWindowRect: true, strictFileInteractability: false, timeouts: {implicit: 0, pageLoad: 300000, script: 30000}, unhandledPromptBehavior: dismiss and notify, webauthn:extension:credBlob: true, webauthn:extension:largeBlob: true, webauthn:extension:minPinLength: true, webauthn:extension:prf: true, webauthn:virtualAuthenticators: true}
Session ID: 5759b5f8bfbc2305cd891b7d42b010e7
	at java.base/jdk.internal.reflect.DirectConstructorHandleAccessor.newInstance(DirectConstructorHandleAccessor.java:62)
	at java.base/java.lang.reflect.Constructor.newInstanceWithCaller(Constructor.java:501)
	at java.base/java.lang.reflect.Constructor.newInstance(Constructor.java:485)
	at org.openqa.selenium.remote.codec.w3c.W3CHttpResponseCodec.createException(W3CHttpResponseCodec.java:200)
	at org.openqa.selenium.remote.codec.w3c.W3CHttpResponseCodec.decode(W3CHttpResponseCodec.java:133)
	at org.openqa.selenium.remote.codec.w3c.W3CHttpResponseCodec.decode(W3CHttpResponseCodec.java:52)
	at org.openqa.selenium.remote.HttpCommandExecutor.execute(HttpCommandExecutor.java:191)
	at org.openqa.selenium.remote.service.DriverCommandExecutor.invokeExecute(DriverCommandExecutor.java:200)
	at org.openqa.selenium.remote.service.DriverCommandExecutor.execute(DriverCommandExecutor.java:175)
	at org.openqa.selenium.remote.RemoteWebDriver.execute(RemoteWebDriver.java:607)
	at org.openqa.selenium.remote.ElementLocation$ElementFinder$2.findElement(ElementLocation.java:165)
	at org.openqa.selenium.remote.ElementLocation.findElement(ElementLocation.java:59)
	at org.openqa.selenium.remote.RemoteWebDriver.findElement(RemoteWebDriver.java:364)
	at org.openqa.selenium.remote.RemoteWebDriver.findElement(RemoteWebDriver.java:358)
	at org.openqa.selenium.support.pagefactory.DefaultElementLocator.findElement(DefaultElementLocator.java:68)
	at org.openqa.selenium.support.pagefactory.internal.LocatingElementHandler.invoke(LocatingElementHandler.java:38)
	at jdk.proxy2/jdk.proxy2.$Proxy26.isDisplayed(Unknown Source)
	at Pages.HomePAge.home_page_displayed(HomePAge.java:132)
	at automationExercisesStepDefinitions.RegisterUser.verify_that_home_page_is_visible_successfully(RegisterUser.java:23)
	at ✽.Verify that home page is visible successfully(file:///Users/vara/eclipse-workspace/CucumberProject/src/test/java/automationExercise/UserLogin.feature:8)
&amp#27;[0m
  &amp#27;[36mWhen &amp#27;[0m&amp#27;[36mClick on &amp#27;[0m&amp#27;[36m&amp#27;[1m'Signup / Login'&amp#27;[0m&amp#27;[36m button&amp#27;[0m                         &amp#27;[90m# automationExercisesStepDefinitions.RegisterUser.click_on_button(java.lang.String)&amp#27;[0m
  &amp#27;[36mThen &amp#27;[0m&amp#27;[36mVerify &amp#27;[0m&amp#27;[36m&amp#27;[1m'Login to your account'&amp#27;[0m&amp#27;[36m is visible&amp#27;[0m                &amp#27;[90m# automationExercisesStepDefinitions.RegisterUser.verify_is_visible(java.lang.String)&amp#27;[0m
  &amp#27;[36mWhen &amp#27;[0m&amp#27;[36mEnter correct &amp#27;[0m&amp#27;[36m&amp#27;[1m"alicek123@mail.com"&amp#27;[0m&amp#27;[36m and &amp#27;[0m&amp#27;[36m&amp#27;[1m"A1!ice@23"&amp#27;[0m       &amp#27;[90m# automationExercisesStepDefinitions.LoginUser.enter_email_password(java.lang.String,java.lang.String)&amp#27;[0m
  &amp#27;[36mAnd &amp#27;[0m&amp#27;[36mClick &amp#27;[0m&amp#27;[36m&amp#27;[1m'Login'&amp#27;[0m&amp#27;[36m button&amp#27;[0m                                      &amp#27;[90m# automationExercisesStepDefinitions.RegisterUser.click_btn(java.lang.String)&amp#27;[0m
  &amp#27;[36mThen &amp#27;[0m&amp#27;[36mVerify that 'Logged in as username' is visible&amp#27;[0m           &amp#27;[90m# automationExercisesStepDefinitions.RegisterUser.verify_logged_in_as_username_is_visible()&amp#27;[0m
  &amp#27;[36mAnd &amp#27;[0m&amp#27;[36mClick &amp#27;[0m&amp#27;[36m&amp#27;[1m'Delete Account'&amp#27;[0m&amp#27;[36m button&amp#27;[0m                             &amp#27;[90m# automationExercisesStepDefinitions.RegisterUser.click_btn(java.lang.String)&amp#27;[0m
  &amp#27;[36mThen &amp#27;[0m&amp#27;[36mVerify that the &amp#27;[0m&amp#27;[36m&amp#27;[1m'Account Deleted!'&amp#27;[0m&amp#27;[36m is visible&amp#27;[0m            &amp#27;[90m# automationExercisesStepDefinitions.RegisterUser.verify_that_is_visible(java.lang.String)&amp#27;[0m
      &amp#27;[31morg.openqa.selenium.NoSuchWindowException: no such window: target window already closed
from unknown error: web view not found
  (Session info: chrome=138.0.7204.102)
Build info: version: '4.15.0', revision: '1d14b5521b'
System info: os.name: 'Mac OS X', os.arch: 'aarch64', os.version: '15.5', java.version: '23'
Driver info: org.openqa.selenium.chrome.ChromeDriver
Command: [5759b5f8bfbc2305cd891b7d42b010e7, screenshot {}]
Capabilities {acceptInsecureCerts: false, browserName: chrome, browserVersion: 138.0.7204.102, chrome: {chromedriverVersion: 138.0.7204.157 (e533e98b126..., userDataDir: /var/folders/m_/k3b1gzss4m1...}, fedcm:accounts: true, goog:chromeOptions: {debuggerAddress: localhost:52461}, networkConnectionEnabled: false, pageLoadStrategy: normal, platformName: mac, proxy: Proxy(), se:cdp: ws://localhost:52461/devtoo..., se:cdpVersion: 138.0.7204.102, setWindowRect: true, strictFileInteractability: false, timeouts: {implicit: 0, pageLoad: 300000, script: 30000}, unhandledPromptBehavior: dismiss and notify, webauthn:extension:credBlob: true, webauthn:extension:largeBlob: true, webauthn:extension:minPinLength: true, webauthn:extension:prf: true, webauthn:virtualAuthenticators: true}
Session ID: 5759b5f8bfbc2305cd891b7d42b010e7
	at java.base/jdk.internal.reflect.DirectConstructorHandleAccessor.newInstance(DirectConstructorHandleAccessor.java:62)
	at java.base/java.lang.reflect.Constructor.newInstanceWithCaller(Constructor.java:501)
	at java.base/java.lang.reflect.Constructor.newInstance(Constructor.java:485)
	at org.openqa.selenium.remote.codec.w3c.W3CHttpResponseCodec.createException(W3CHttpResponseCodec.java:200)
	at org.openqa.selenium.remote.codec.w3c.W3CHttpResponseCodec.decode(W3CHttpResponseCodec.java:133)
	at org.openqa.selenium.remote.codec.w3c.W3CHttpResponseCodec.decode(W3CHttpResponseCodec.java:52)
	at org.openqa.selenium.remote.HttpCommandExecutor.execute(HttpCommandExecutor.java:191)
	at org.openqa.selenium.remote.service.DriverCommandExecutor.invokeExecute(DriverCommandExecutor.java:200)
	at org.openqa.selenium.remote.service.DriverCommandExecutor.execute(DriverCommandExecutor.java:175)
	at org.openqa.selenium.remote.RemoteWebDriver.execute(RemoteWebDriver.java:607)
	at org.openqa.selenium.remote.RemoteWebDriver.execute(RemoteWebDriver.java:680)
	at org.openqa.selenium.remote.RemoteWebDriver.execute(RemoteWebDriver.java:684)
	at org.openqa.selenium.remote.RemoteWebDriver.getScreenshotAs(RemoteWebDriver.java:330)
	at utils.ScreenshotUtil.takeScreenshot(ScreenshotUtil.java:30)
	at Hooks.TestHooks.tearDown(TestHooks.java:35)
&amp#27;[0m
]]></system-out>
  </testcase>
  <testcase name="runScenario[&quot;User logsout from the automation exercise website&quot;, &quot;User Logout&quot;](6)" classname="runners.TestNGTestRunner" time="0.012">
    <failure message="no such window: target window already closed&#10;from unknown error: web view not found&#10;  (Session info: chrome=138.0.7204.102)&#10;Build info: version: &apos;4.15.0&apos;, revision: &apos;1d14b5521b&apos;&#10;System info: os.name: &apos;Mac OS X&apos;, os.arch: &apos;aarch64&apos;, os.version: &apos;15.5&apos;, java.version: &apos;23&apos;&#10;Driver info: org.openqa.selenium.chrome.ChromeDriver&#10;Command: [5759b5f8bfbc2305cd891b7d42b010e7, findElement {using=xpath, value=//div[@id=&apos;slider-carousel&apos;]}]&#10;Capabilities {acceptInsecureCerts: false, browserName: chrome, browserVersion: 138.0.7204.102, chrome: {chromedriverVersion: 138.0.7204.157 (e533e98b126..., userDataDir: /var/folders/m_/k3b1gzss4m1...}, fedcm:accounts: true, goog:chromeOptions: {debuggerAddress: localhost:52461}, networkConnectionEnabled: false, pageLoadStrategy: normal, platformName: mac, proxy: Proxy(), se:cdp: ws://localhost:52461/devtoo..., se:cdpVersion: 138.0.7204.102, setWindowRect: true, strictFileInteractability: false, timeouts: {implicit: 0, pageLoad: 300000, script: 30000}, unhandledPromptBehavior: dismiss and notify, webauthn:extension:credBlob: true, webauthn:extension:largeBlob: true, webauthn:extension:minPinLength: true, webauthn:extension:prf: true, webauthn:virtualAuthenticators: true}&#10;Session ID: 5759b5f8bfbc2305cd891b7d42b010e7" type="org.openqa.selenium.NoSuchWindowException"><![CDATA[org.openqa.selenium.NoSuchWindowException: 
no such window: target window already closed
from unknown error: web view not found
  (Session info: chrome=138.0.7204.102)
Build info: version: '4.15.0', revision: '1d14b5521b'
System info: os.name: 'Mac OS X', os.arch: 'aarch64', os.version: '15.5', java.version: '23'
Driver info: org.openqa.selenium.chrome.ChromeDriver
Command: [5759b5f8bfbc2305cd891b7d42b010e7, findElement {using=xpath, value=//div[@id='slider-carousel']}]
Capabilities {acceptInsecureCerts: false, browserName: chrome, browserVersion: 138.0.7204.102, chrome: {chromedriverVersion: 138.0.7204.157 (e533e98b126..., userDataDir: /var/folders/m_/k3b1gzss4m1...}, fedcm:accounts: true, goog:chromeOptions: {debuggerAddress: localhost:52461}, networkConnectionEnabled: false, pageLoadStrategy: normal, platformName: mac, proxy: Proxy(), se:cdp: ws://localhost:52461/devtoo..., se:cdpVersion: 138.0.7204.102, setWindowRect: true, strictFileInteractability: false, timeouts: {implicit: 0, pageLoad: 300000, script: 30000}, unhandledPromptBehavior: dismiss and notify, webauthn:extension:credBlob: true, webauthn:extension:largeBlob: true, webauthn:extension:minPinLength: true, webauthn:extension:prf: true, webauthn:virtualAuthenticators: true}
Session ID: 5759b5f8bfbc2305cd891b7d42b010e7
	at java.base/jdk.internal.reflect.DirectConstructorHandleAccessor.newInstance(DirectConstructorHandleAccessor.java:62)
	at java.base/java.lang.reflect.Constructor.newInstanceWithCaller(Constructor.java:501)
	at java.base/java.lang.reflect.Constructor.newInstance(Constructor.java:485)
	at org.openqa.selenium.remote.codec.w3c.W3CHttpResponseCodec.createException(W3CHttpResponseCodec.java:200)
	at org.openqa.selenium.remote.codec.w3c.W3CHttpResponseCodec.decode(W3CHttpResponseCodec.java:133)
	at org.openqa.selenium.remote.codec.w3c.W3CHttpResponseCodec.decode(W3CHttpResponseCodec.java:52)
	at org.openqa.selenium.remote.HttpCommandExecutor.execute(HttpCommandExecutor.java:191)
	at org.openqa.selenium.remote.service.DriverCommandExecutor.invokeExecute(DriverCommandExecutor.java:200)
	at org.openqa.selenium.remote.service.DriverCommandExecutor.execute(DriverCommandExecutor.java:175)
	at org.openqa.selenium.remote.RemoteWebDriver.execute(RemoteWebDriver.java:607)
	at org.openqa.selenium.remote.ElementLocation$ElementFinder$2.findElement(ElementLocation.java:165)
	at org.openqa.selenium.remote.ElementLocation.findElement(ElementLocation.java:59)
	at org.openqa.selenium.remote.RemoteWebDriver.findElement(RemoteWebDriver.java:364)
	at org.openqa.selenium.remote.RemoteWebDriver.findElement(RemoteWebDriver.java:358)
	at org.openqa.selenium.support.pagefactory.DefaultElementLocator.findElement(DefaultElementLocator.java:68)
	at org.openqa.selenium.support.pagefactory.internal.LocatingElementHandler.invoke(LocatingElementHandler.java:38)
	at jdk.proxy2/jdk.proxy2.$Proxy26.isDisplayed(Unknown Source)
	at Pages.HomePAge.home_page_displayed(HomePAge.java:132)
	at automationExercisesStepDefinitions.RegisterUser.verify_that_home_page_is_visible_successfully(RegisterUser.java:23)
	at ✽.Verify that home page is visible successfully(file:///Users/vara/eclipse-workspace/CucumberProject/src/test/java/automationExercise/UserLogout.feature:6)
]]></failure>
    <system-out><![CDATA[
Scenario Outline: User logsout from the automation exercise website &amp#27;[90m# src/test/java/automationExercise/UserLogout.feature:17&amp#27;[0m
TestNG-tests-1 → browser = chrome
TestNG-tests-1 → headless = false
TestNG-tests-1 → mainurl = https://www.automationexercise.com/
TestNG-tests-1 → browser: chrome, url: https://www.automationexercise.com/
  &amp#27;[32mGiven &amp#27;[0m&amp#27;[32mLaunch the browser and access automation excercise site&amp#27;[0m     &amp#27;[90m# automationExercisesStepDefinitions.RegisterUser.launch_the_browser_and_access_automation_excercise_site()&amp#27;[0m
  &amp#27;[31mThen &amp#27;[0m&amp#27;[31mVerify that home page is visible successfully&amp#27;[0m                &amp#27;[90m# automationExercisesStepDefinitions.RegisterUser.verify_that_home_page_is_visible_successfully()&amp#27;[0m
      &amp#27;[31morg.openqa.selenium.NoSuchWindowException: no such window: target window already closed
from unknown error: web view not found
  (Session info: chrome=138.0.7204.102)
Build info: version: '4.15.0', revision: '1d14b5521b'
System info: os.name: 'Mac OS X', os.arch: 'aarch64', os.version: '15.5', java.version: '23'
Driver info: org.openqa.selenium.chrome.ChromeDriver
Command: [5759b5f8bfbc2305cd891b7d42b010e7, findElement {using=xpath, value=//div[@id='slider-carousel']}]
Capabilities {acceptInsecureCerts: false, browserName: chrome, browserVersion: 138.0.7204.102, chrome: {chromedriverVersion: 138.0.7204.157 (e533e98b126..., userDataDir: /var/folders/m_/k3b1gzss4m1...}, fedcm:accounts: true, goog:chromeOptions: {debuggerAddress: localhost:52461}, networkConnectionEnabled: false, pageLoadStrategy: normal, platformName: mac, proxy: Proxy(), se:cdp: ws://localhost:52461/devtoo..., se:cdpVersion: 138.0.7204.102, setWindowRect: true, strictFileInteractability: false, timeouts: {implicit: 0, pageLoad: 300000, script: 30000}, unhandledPromptBehavior: dismiss and notify, webauthn:extension:credBlob: true, webauthn:extension:largeBlob: true, webauthn:extension:minPinLength: true, webauthn:extension:prf: true, webauthn:virtualAuthenticators: true}
Session ID: 5759b5f8bfbc2305cd891b7d42b010e7
	at java.base/jdk.internal.reflect.DirectConstructorHandleAccessor.newInstance(DirectConstructorHandleAccessor.java:62)
	at java.base/java.lang.reflect.Constructor.newInstanceWithCaller(Constructor.java:501)
	at java.base/java.lang.reflect.Constructor.newInstance(Constructor.java:485)
	at org.openqa.selenium.remote.codec.w3c.W3CHttpResponseCodec.createException(W3CHttpResponseCodec.java:200)
	at org.openqa.selenium.remote.codec.w3c.W3CHttpResponseCodec.decode(W3CHttpResponseCodec.java:133)
	at org.openqa.selenium.remote.codec.w3c.W3CHttpResponseCodec.decode(W3CHttpResponseCodec.java:52)
	at org.openqa.selenium.remote.HttpCommandExecutor.execute(HttpCommandExecutor.java:191)
	at org.openqa.selenium.remote.service.DriverCommandExecutor.invokeExecute(DriverCommandExecutor.java:200)
	at org.openqa.selenium.remote.service.DriverCommandExecutor.execute(DriverCommandExecutor.java:175)
	at org.openqa.selenium.remote.RemoteWebDriver.execute(RemoteWebDriver.java:607)
	at org.openqa.selenium.remote.ElementLocation$ElementFinder$2.findElement(ElementLocation.java:165)
	at org.openqa.selenium.remote.ElementLocation.findElement(ElementLocation.java:59)
	at org.openqa.selenium.remote.RemoteWebDriver.findElement(RemoteWebDriver.java:364)
	at org.openqa.selenium.remote.RemoteWebDriver.findElement(RemoteWebDriver.java:358)
	at org.openqa.selenium.support.pagefactory.DefaultElementLocator.findElement(DefaultElementLocator.java:68)
	at org.openqa.selenium.support.pagefactory.internal.LocatingElementHandler.invoke(LocatingElementHandler.java:38)
	at jdk.proxy2/jdk.proxy2.$Proxy26.isDisplayed(Unknown Source)
	at Pages.HomePAge.home_page_displayed(HomePAge.java:132)
	at automationExercisesStepDefinitions.RegisterUser.verify_that_home_page_is_visible_successfully(RegisterUser.java:23)
	at ✽.Verify that home page is visible successfully(file:///Users/vara/eclipse-workspace/CucumberProject/src/test/java/automationExercise/UserLogout.feature:6)
&amp#27;[0m
  &amp#27;[36mWhen &amp#27;[0m&amp#27;[36mClick on &amp#27;[0m&amp#27;[36m&amp#27;[1m'Signup / Login'&amp#27;[0m&amp#27;[36m button&amp#27;[0m                             &amp#27;[90m# automationExercisesStepDefinitions.RegisterUser.click_on_button(java.lang.String)&amp#27;[0m
  &amp#27;[36mThen &amp#27;[0m&amp#27;[36mVerify &amp#27;[0m&amp#27;[36m&amp#27;[1m'Login to your account'&amp#27;[0m&amp#27;[36m is visible&amp#27;[0m                    &amp#27;[90m# automationExercisesStepDefinitions.RegisterUser.verify_is_visible(java.lang.String)&amp#27;[0m
  &amp#27;[36mWhen &amp#27;[0m&amp#27;[36mEnter correct &amp#27;[0m&amp#27;[36m&amp#27;[1m"alicek123@mail.com"&amp#27;[0m&amp#27;[36m and &amp#27;[0m&amp#27;[36m&amp#27;[1m"A1!ice@23"&amp#27;[0m           &amp#27;[90m# automationExercisesStepDefinitions.LoginUser.enter_email_password(java.lang.String,java.lang.String)&amp#27;[0m
  &amp#27;[36mAnd &amp#27;[0m&amp#27;[36mClick &amp#27;[0m&amp#27;[36m&amp#27;[1m'Login'&amp#27;[0m&amp#27;[36m button&amp#27;[0m                                          &amp#27;[90m# automationExercisesStepDefinitions.RegisterUser.click_btn(java.lang.String)&amp#27;[0m
  &amp#27;[36mThen &amp#27;[0m&amp#27;[36mVerify that 'Logged in as username' is visible&amp#27;[0m               &amp#27;[90m# automationExercisesStepDefinitions.RegisterUser.verify_logged_in_as_username_is_visible()&amp#27;[0m
  &amp#27;[36mWhen &amp#27;[0m&amp#27;[36mClick &amp#27;[0m&amp#27;[36m&amp#27;[1m'Logout'&amp#27;[0m&amp#27;[36m button&amp#27;[0m                                        &amp#27;[90m# automationExercisesStepDefinitions.RegisterUser.click_btn(java.lang.String)&amp#27;[0m
  &amp#27;[36mThen &amp#27;[0m&amp#27;[36mVerify that user is navigated to login page&amp#27;[0m                  &amp#27;[90m# automationExercisesStepDefinitions.SignoutUser.display_loginpage()&amp#27;[0m
      &amp#27;[31morg.openqa.selenium.NoSuchWindowException: no such window: target window already closed
from unknown error: web view not found
  (Session info: chrome=138.0.7204.102)
Build info: version: '4.15.0', revision: '1d14b5521b'
System info: os.name: 'Mac OS X', os.arch: 'aarch64', os.version: '15.5', java.version: '23'
Driver info: org.openqa.selenium.chrome.ChromeDriver
Command: [5759b5f8bfbc2305cd891b7d42b010e7, screenshot {}]
Capabilities {acceptInsecureCerts: false, browserName: chrome, browserVersion: 138.0.7204.102, chrome: {chromedriverVersion: 138.0.7204.157 (e533e98b126..., userDataDir: /var/folders/m_/k3b1gzss4m1...}, fedcm:accounts: true, goog:chromeOptions: {debuggerAddress: localhost:52461}, networkConnectionEnabled: false, pageLoadStrategy: normal, platformName: mac, proxy: Proxy(), se:cdp: ws://localhost:52461/devtoo..., se:cdpVersion: 138.0.7204.102, setWindowRect: true, strictFileInteractability: false, timeouts: {implicit: 0, pageLoad: 300000, script: 30000}, unhandledPromptBehavior: dismiss and notify, webauthn:extension:credBlob: true, webauthn:extension:largeBlob: true, webauthn:extension:minPinLength: true, webauthn:extension:prf: true, webauthn:virtualAuthenticators: true}
Session ID: 5759b5f8bfbc2305cd891b7d42b010e7
	at java.base/jdk.internal.reflect.DirectConstructorHandleAccessor.newInstance(DirectConstructorHandleAccessor.java:62)
	at java.base/java.lang.reflect.Constructor.newInstanceWithCaller(Constructor.java:501)
	at java.base/java.lang.reflect.Constructor.newInstance(Constructor.java:485)
	at org.openqa.selenium.remote.codec.w3c.W3CHttpResponseCodec.createException(W3CHttpResponseCodec.java:200)
	at org.openqa.selenium.remote.codec.w3c.W3CHttpResponseCodec.decode(W3CHttpResponseCodec.java:133)
	at org.openqa.selenium.remote.codec.w3c.W3CHttpResponseCodec.decode(W3CHttpResponseCodec.java:52)
	at org.openqa.selenium.remote.HttpCommandExecutor.execute(HttpCommandExecutor.java:191)
	at org.openqa.selenium.remote.service.DriverCommandExecutor.invokeExecute(DriverCommandExecutor.java:200)
	at org.openqa.selenium.remote.service.DriverCommandExecutor.execute(DriverCommandExecutor.java:175)
	at org.openqa.selenium.remote.RemoteWebDriver.execute(RemoteWebDriver.java:607)
	at org.openqa.selenium.remote.RemoteWebDriver.execute(RemoteWebDriver.java:680)
	at org.openqa.selenium.remote.RemoteWebDriver.execute(RemoteWebDriver.java:684)
	at org.openqa.selenium.remote.RemoteWebDriver.getScreenshotAs(RemoteWebDriver.java:330)
	at utils.ScreenshotUtil.takeScreenshot(ScreenshotUtil.java:30)
	at Hooks.TestHooks.tearDown(TestHooks.java:35)
&amp#27;[0m
]]></system-out>
  </testcase>
</testsuite>