[{"line":1,"elements":[{"start_timestamp":"2025-07-16T11:23:08.979Z","before":[{"result":{"duration":10981054000,"status":"passed"},"match":{"location":"Hooks.TestHooks.launchbrowser(io.cucumber.java.Scenario)"}}],"line":18,"name":"Fill the contact us form in automation exercise website","description":"","id":"fill-contact-us-form;fill-the-contact-us-form-in-automation-exercise-website;;2","after":[{"result":{"error_message":"org.openqa.selenium.NoSuchWindowException: no such window: target window already closed\nfrom unknown error: web view not found\n  (Session info: chrome=138.0.7204.102)\nBuild info: version: '4.15.0', revision: '1d14b5521b'\nSystem info: os.name: 'Mac OS X', os.arch: 'aarch64', os.version: '15.5', java.version: '23'\nDriver info: org.openqa.selenium.chrome.ChromeDriver\nCommand: [5759b5f8bfbc2305cd891b7d42b010e7, screenshot {}]\nCapabilities {acceptInsecureCerts: false, browserName: chrome, browserVersion: 138.0.7204.102, chrome: {chromedriverVersion: 138.0.7204.157 (e533e98b126..., userDataDir: /var/folders/m_/k3b1gzss4m1...}, fedcm:accounts: true, goog:chromeOptions: {debuggerAddress: localhost:52461}, networkConnectionEnabled: false, pageLoadStrategy: normal, platformName: mac, proxy: Proxy(), se:cdp: ws://localhost:52461/devtoo..., se:cdpVersion: 138.0.7204.102, setWindowRect: true, strictFileInteractability: false, timeouts: {implicit: 0, pageLoad: 300000, script: 30000}, unhandledPromptBehavior: dismiss and notify, webauthn:extension:credBlob: true, webauthn:extension:largeBlob: true, webauthn:extension:minPinLength: true, webauthn:extension:prf: true, webauthn:virtualAuthenticators: true}\nSession ID: 5759b5f8bfbc2305cd891b7d42b010e7\n\tat java.base/jdk.internal.reflect.DirectConstructorHandleAccessor.newInstance(DirectConstructorHandleAccessor.java:62)\n\tat java.base/java.lang.reflect.Constructor.newInstanceWithCaller(Constructor.java:501)\n\tat java.base/java.lang.reflect.Constructor.newInstance(Constructor.java:485)\n\tat org.openqa.selenium.remote.codec.w3c.W3CHttpResponseCodec.createException(W3CHttpResponseCodec.java:200)\n\tat org.openqa.selenium.remote.codec.w3c.W3CHttpResponseCodec.decode(W3CHttpResponseCodec.java:133)\n\tat org.openqa.selenium.remote.codec.w3c.W3CHttpResponseCodec.decode(W3CHttpResponseCodec.java:52)\n\tat org.openqa.selenium.remote.HttpCommandExecutor.execute(HttpCommandExecutor.java:191)\n\tat org.openqa.selenium.remote.service.DriverCommandExecutor.invokeExecute(DriverCommandExecutor.java:200)\n\tat org.openqa.selenium.remote.service.DriverCommandExecutor.execute(DriverCommandExecutor.java:175)\n\tat org.openqa.selenium.remote.RemoteWebDriver.execute(RemoteWebDriver.java:607)\n\tat org.openqa.selenium.remote.RemoteWebDriver.execute(RemoteWebDriver.java:680)\n\tat org.openqa.selenium.remote.RemoteWebDriver.execute(RemoteWebDriver.java:684)\n\tat org.openqa.selenium.remote.RemoteWebDriver.getScreenshotAs(RemoteWebDriver.java:330)\n\tat utils.ScreenshotUtil.takeScreenshot(ScreenshotUtil.java:30)\n\tat Hooks.TestHooks.tearDown(TestHooks.java:35)\n","duration":2685000,"status":"failed"},"match":{"location":"Hooks.TestHooks.tearDown(io.cucumber.java.Scenario)"}}],"type":"scenario","keyword":"Scenario Outline","steps":[{"result":{"duration":26164000,"status":"passed"},"line":5,"name":"Launch the browser and access automation excercise site","match":{"location":"automationExercisesStepDefinitions.RegisterUser.launch_the_browser_and_access_automation_excercise_site()"},"keyword":"Given "},{"result":{"error_message":"org.openqa.selenium.NoSuchWindowException: no such window: target window already closed\nfrom unknown error: web view not found\n  (Session info: chrome=138.0.7204.102)\nBuild info: version: '4.15.0', revision: '1d14b5521b'\nSystem info: os.name: 'Mac OS X', os.arch: 'aarch64', os.version: '15.5', java.version: '23'\nDriver info: org.openqa.selenium.chrome.ChromeDriver\nCommand: [5759b5f8bfbc2305cd891b7d42b010e7, findElement {using=xpath, value=//div[@id='slider-carousel']}]\nCapabilities {acceptInsecureCerts: false, browserName: chrome, browserVersion: 138.0.7204.102, chrome: {chromedriverVersion: 138.0.7204.157 (e533e98b126..., userDataDir: /var/folders/m_/k3b1gzss4m1...}, fedcm:accounts: true, goog:chromeOptions: {debuggerAddress: localhost:52461}, networkConnectionEnabled: false, pageLoadStrategy: normal, platformName: mac, proxy: Proxy(), se:cdp: ws://localhost:52461/devtoo..., se:cdpVersion: 138.0.7204.102, setWindowRect: true, strictFileInteractability: false, timeouts: {implicit: 0, pageLoad: 300000, script: 30000}, unhandledPromptBehavior: dismiss and notify, webauthn:extension:credBlob: true, webauthn:extension:largeBlob: true, webauthn:extension:minPinLength: true, webauthn:extension:prf: true, webauthn:virtualAuthenticators: true}\nSession ID: 5759b5f8bfbc2305cd891b7d42b010e7\n\tat java.base/jdk.internal.reflect.DirectConstructorHandleAccessor.newInstance(DirectConstructorHandleAccessor.java:62)\n\tat java.base/java.lang.reflect.Constructor.newInstanceWithCaller(Constructor.java:501)\n\tat java.base/java.lang.reflect.Constructor.newInstance(Constructor.java:485)\n\tat org.openqa.selenium.remote.codec.w3c.W3CHttpResponseCodec.createException(W3CHttpResponseCodec.java:200)\n\tat org.openqa.selenium.remote.codec.w3c.W3CHttpResponseCodec.decode(W3CHttpResponseCodec.java:133)\n\tat org.openqa.selenium.remote.codec.w3c.W3CHttpResponseCodec.decode(W3CHttpResponseCodec.java:52)\n\tat org.openqa.selenium.remote.HttpCommandExecutor.execute(HttpCommandExecutor.java:191)\n\tat org.openqa.selenium.remote.service.DriverCommandExecutor.invokeExecute(DriverCommandExecutor.java:200)\n\tat org.openqa.selenium.remote.service.DriverCommandExecutor.execute(DriverCommandExecutor.java:175)\n\tat org.openqa.selenium.remote.RemoteWebDriver.execute(RemoteWebDriver.java:607)\n\tat org.openqa.selenium.remote.ElementLocation$ElementFinder$2.findElement(ElementLocation.java:165)\n\tat org.openqa.selenium.remote.ElementLocation.findElement(ElementLocation.java:59)\n\tat org.openqa.selenium.remote.RemoteWebDriver.findElement(RemoteWebDriver.java:364)\n\tat org.openqa.selenium.remote.RemoteWebDriver.findElement(RemoteWebDriver.java:358)\n\tat org.openqa.selenium.support.pagefactory.DefaultElementLocator.findElement(DefaultElementLocator.java:68)\n\tat org.openqa.selenium.support.pagefactory.internal.LocatingElementHandler.invoke(LocatingElementHandler.java:38)\n\tat jdk.proxy2/jdk.proxy2.$Proxy26.isDisplayed(Unknown Source)\n\tat Pages.HomePAge.home_page_displayed(HomePAge.java:132)\n\tat automationExercisesStepDefinitions.RegisterUser.verify_that_home_page_is_visible_successfully(RegisterUser.java:23)\n\tat ✽.Verify that home page is visible successfully(file:///Users/vara/eclipse-workspace/CucumberProject/src/test/java/automationExercise/ContactUsForm.feature:6)\n","duration":13464000,"status":"failed"},"line":6,"name":"Verify that home page is visible successfully","match":{"location":"automationExercisesStepDefinitions.RegisterUser.verify_that_home_page_is_visible_successfully()"},"keyword":"Then "},{"result":{"duration":222000,"status":"skipped"},"line":7,"name":"Click on 'Contact us' button","match":{"arguments":[{"val":"'Contact us'","offset":9}],"location":"automationExercisesStepDefinitions.RegisterUser.click_on_button(java.lang.String)"},"keyword":"When "},{"result":{"duration":57000,"status":"skipped"},"line":8,"name":"Verify 'Get In Touch' is visible","match":{"arguments":[{"val":"'Get In Touch'","offset":7}],"location":"automationExercisesStepDefinitions.RegisterUser.verify_is_visible(java.lang.String)"},"keyword":"Then "},{"result":{"duration":57000,"status":"skipped"},"line":9,"name":"Enter \"Love\", \"love23@you.com\", \"Feedback\" and \"Sample love message\"","match":{"arguments":[{"val":"\"Love\"","offset":6},{"val":"\"love23@you.com\"","offset":14},{"val":"\"Feedback\"","offset":32},{"val":"\"Sample love message\"","offset":47}],"location":"automationExercisesStepDefinitions.ContactUsForm.submit_contactusform(java.lang.String,java.lang.String,java.lang.String,java.lang.String)"},"keyword":"When "},{"result":{"duration":143000,"status":"skipped"},"line":10,"name":"Upload file","match":{"location":"automationExercisesStepDefinitions.ContactUsForm.upload_file()"},"keyword":"And "},{"result":{"duration":54000,"status":"skipped"},"line":11,"name":"Click Submit button","match":{"location":"automationExercisesStepDefinitions.ContactUsForm.submitfile()"},"keyword":"When "},{"result":{"duration":74000,"status":"skipped"},"line":12,"name":"Click OK button","match":{"location":"automationExercisesStepDefinitions.ContactUsForm.clickokbtn()"},"keyword":"And "},{"result":{"duration":60000,"status":"skipped"},"line":13,"name":"Verify success message 'Success! Your details have been submitted successfully.' is visible","match":{"arguments":[{"val":"'Success! Your details have been submitted successfully.'","offset":23}],"location":"automationExercisesStepDefinitions.ContactUsForm.verify_successmsg_visible(java.lang.String)"},"keyword":"Then "},{"result":{"duration":56000,"status":"skipped"},"line":14,"name":"Click 'Home' button and verify that landed to home page successfully","match":{"arguments":[{"val":"'Home'","offset":6}],"location":"automationExercisesStepDefinitions.ContactUsForm.click_home_btn(java.lang.String)"},"keyword":"And "}],"tags":[{"name":"@tag1"}]}],"name":"Fill Contact Us form","description":"","id":"fill-contact-us-form","keyword":"Feature","uri":"file:src/test/java/automationExercise/ContactUsForm.feature","tags":[]},{"line":1,"elements":[{"start_timestamp":"2025-07-16T11:23:20.059Z","before":[{"result":{"duration":261000,"status":"passed"},"match":{"location":"Hooks.TestHooks.launchbrowser(io.cucumber.java.Scenario)"}}],"line":3,"name":"Get the total products count, Product name and Product Cost","description":"","id":"get-all-the-product-details;get-the-total-products-count--product-name-and-product-cost","after":[{"result":{"error_message":"org.openqa.selenium.NoSuchWindowException: no such window: target window already closed\nfrom unknown error: web view not found\n  (Session info: chrome=138.0.7204.102)\nBuild info: version: '4.15.0', revision: '1d14b5521b'\nSystem info: os.name: 'Mac OS X', os.arch: 'aarch64', os.version: '15.5', java.version: '23'\nDriver info: org.openqa.selenium.chrome.ChromeDriver\nCommand: [5759b5f8bfbc2305cd891b7d42b010e7, screenshot {}]\nCapabilities {acceptInsecureCerts: false, browserName: chrome, browserVersion: 138.0.7204.102, chrome: {chromedriverVersion: 138.0.7204.157 (e533e98b126..., userDataDir: /var/folders/m_/k3b1gzss4m1...}, fedcm:accounts: true, goog:chromeOptions: {debuggerAddress: localhost:52461}, networkConnectionEnabled: false, pageLoadStrategy: normal, platformName: mac, proxy: Proxy(), se:cdp: ws://localhost:52461/devtoo..., se:cdpVersion: 138.0.7204.102, setWindowRect: true, strictFileInteractability: false, timeouts: {implicit: 0, pageLoad: 300000, script: 30000}, unhandledPromptBehavior: dismiss and notify, webauthn:extension:credBlob: true, webauthn:extension:largeBlob: true, webauthn:extension:minPinLength: true, webauthn:extension:prf: true, webauthn:virtualAuthenticators: true}\nSession ID: 5759b5f8bfbc2305cd891b7d42b010e7\n\tat java.base/jdk.internal.reflect.DirectConstructorHandleAccessor.newInstance(DirectConstructorHandleAccessor.java:62)\n\tat java.base/java.lang.reflect.Constructor.newInstanceWithCaller(Constructor.java:501)\n\tat java.base/java.lang.reflect.Constructor.newInstance(Constructor.java:485)\n\tat org.openqa.selenium.remote.codec.w3c.W3CHttpResponseCodec.createException(W3CHttpResponseCodec.java:200)\n\tat org.openqa.selenium.remote.codec.w3c.W3CHttpResponseCodec.decode(W3CHttpResponseCodec.java:133)\n\tat org.openqa.selenium.remote.codec.w3c.W3CHttpResponseCodec.decode(W3CHttpResponseCodec.java:52)\n\tat org.openqa.selenium.remote.HttpCommandExecutor.execute(HttpCommandExecutor.java:191)\n\tat org.openqa.selenium.remote.service.DriverCommandExecutor.invokeExecute(DriverCommandExecutor.java:200)\n\tat org.openqa.selenium.remote.service.DriverCommandExecutor.execute(DriverCommandExecutor.java:175)\n\tat org.openqa.selenium.remote.RemoteWebDriver.execute(RemoteWebDriver.java:607)\n\tat org.openqa.selenium.remote.RemoteWebDriver.execute(RemoteWebDriver.java:680)\n\tat org.openqa.selenium.remote.RemoteWebDriver.execute(RemoteWebDriver.java:684)\n\tat org.openqa.selenium.remote.RemoteWebDriver.getScreenshotAs(RemoteWebDriver.java:330)\n\tat utils.ScreenshotUtil.takeScreenshot(ScreenshotUtil.java:30)\n\tat Hooks.TestHooks.tearDown(TestHooks.java:35)\n","duration":2055000,"status":"failed"},"match":{"location":"Hooks.TestHooks.tearDown(io.cucumber.java.Scenario)"}}],"type":"scenario","keyword":"Scenario Outline","steps":[{"result":{"duration":1835000,"status":"passed"},"line":5,"name":"Launch the browser and access automation excercise site","match":{"location":"automationExercisesStepDefinitions.RegisterUser.launch_the_browser_and_access_automation_excercise_site()"},"keyword":"Given "},{"result":{"error_message":"org.openqa.selenium.NoSuchWindowException: no such window: target window already closed\nfrom unknown error: web view not found\n  (Session info: chrome=138.0.7204.102)\nBuild info: version: '4.15.0', revision: '1d14b5521b'\nSystem info: os.name: 'Mac OS X', os.arch: 'aarch64', os.version: '15.5', java.version: '23'\nDriver info: org.openqa.selenium.chrome.ChromeDriver\nCommand: [5759b5f8bfbc2305cd891b7d42b010e7, findElement {using=xpath, value=//div[@id='slider-carousel']}]\nCapabilities {acceptInsecureCerts: false, browserName: chrome, browserVersion: 138.0.7204.102, chrome: {chromedriverVersion: 138.0.7204.157 (e533e98b126..., userDataDir: /var/folders/m_/k3b1gzss4m1...}, fedcm:accounts: true, goog:chromeOptions: {debuggerAddress: localhost:52461}, networkConnectionEnabled: false, pageLoadStrategy: normal, platformName: mac, proxy: Proxy(), se:cdp: ws://localhost:52461/devtoo..., se:cdpVersion: 138.0.7204.102, setWindowRect: true, strictFileInteractability: false, timeouts: {implicit: 0, pageLoad: 300000, script: 30000}, unhandledPromptBehavior: dismiss and notify, webauthn:extension:credBlob: true, webauthn:extension:largeBlob: true, webauthn:extension:minPinLength: true, webauthn:extension:prf: true, webauthn:virtualAuthenticators: true}\nSession ID: 5759b5f8bfbc2305cd891b7d42b010e7\n\tat java.base/jdk.internal.reflect.DirectConstructorHandleAccessor.newInstance(DirectConstructorHandleAccessor.java:62)\n\tat java.base/java.lang.reflect.Constructor.newInstanceWithCaller(Constructor.java:501)\n\tat java.base/java.lang.reflect.Constructor.newInstance(Constructor.java:485)\n\tat org.openqa.selenium.remote.codec.w3c.W3CHttpResponseCodec.createException(W3CHttpResponseCodec.java:200)\n\tat org.openqa.selenium.remote.codec.w3c.W3CHttpResponseCodec.decode(W3CHttpResponseCodec.java:133)\n\tat org.openqa.selenium.remote.codec.w3c.W3CHttpResponseCodec.decode(W3CHttpResponseCodec.java:52)\n\tat org.openqa.selenium.remote.HttpCommandExecutor.execute(HttpCommandExecutor.java:191)\n\tat org.openqa.selenium.remote.service.DriverCommandExecutor.invokeExecute(DriverCommandExecutor.java:200)\n\tat org.openqa.selenium.remote.service.DriverCommandExecutor.execute(DriverCommandExecutor.java:175)\n\tat org.openqa.selenium.remote.RemoteWebDriver.execute(RemoteWebDriver.java:607)\n\tat org.openqa.selenium.remote.ElementLocation$ElementFinder$2.findElement(ElementLocation.java:165)\n\tat org.openqa.selenium.remote.ElementLocation.findElement(ElementLocation.java:59)\n\tat org.openqa.selenium.remote.RemoteWebDriver.findElement(RemoteWebDriver.java:364)\n\tat org.openqa.selenium.remote.RemoteWebDriver.findElement(RemoteWebDriver.java:358)\n\tat org.openqa.selenium.support.pagefactory.DefaultElementLocator.findElement(DefaultElementLocator.java:68)\n\tat org.openqa.selenium.support.pagefactory.internal.LocatingElementHandler.invoke(LocatingElementHandler.java:38)\n\tat jdk.proxy2/jdk.proxy2.$Proxy26.isDisplayed(Unknown Source)\n\tat Pages.HomePAge.home_page_displayed(HomePAge.java:132)\n\tat automationExercisesStepDefinitions.RegisterUser.verify_that_home_page_is_visible_successfully(RegisterUser.java:23)\n\tat ✽.Verify that home page is visible successfully(file:///Users/vara/eclipse-workspace/CucumberProject/src/test/java/automationExercise/ProductDetails.feature:6)\n","duration":2417000,"status":"failed"},"line":6,"name":"Verify that home page is visible successfully","match":{"location":"automationExercisesStepDefinitions.RegisterUser.verify_that_home_page_is_visible_successfully()"},"keyword":"Then "},{"result":{"duration":69000,"status":"skipped"},"line":7,"name":"Click on 'Products' button","match":{"arguments":[{"val":"'Products'","offset":9}],"location":"automationExercisesStepDefinitions.RegisterUser.click_on_button(java.lang.String)"},"keyword":"When "},{"result":{"duration":141000,"status":"skipped"},"line":8,"name":"Get the products count","match":{"location":"automationExercisesStepDefinitions.ProductspageStepdefinition.products_count()"},"keyword":"And "},{"result":{"duration":61000,"status":"skipped"},"line":9,"name":"Print each product name and cost","match":{"location":"automationExercisesStepDefinitions.ProductspageStepdefinition.productnames_cost()"},"keyword":"Then "},{"result":{"duration":76000,"status":"skipped"},"line":10,"name":"Sort the products list as per cost in ascending order","match":{"location":"automationExercisesStepDefinitions.ProductspageStepdefinition.sort_products_ascorder()"},"keyword":"And "}]}],"name":"Get all the Product Details","description":"","id":"get-all-the-product-details","keyword":"Feature","uri":"file:src/test/java/automationExercise/ProductDetails.feature","tags":[]},{"line":3,"elements":[{"start_timestamp":"2025-07-16T11:23:20.078Z","before":[{"result":{"duration":197000,"status":"passed"},"match":{"location":"Hooks.TestHooks.launchbrowser(io.cucumber.java.Scenario)"}}],"line":27,"name":"Register the user for the first time to ecommerce application","description":"","id":"register-user;register-the-user-for-the-first-time-to-ecommerce-application;;2","after":[{"result":{"error_message":"org.openqa.selenium.NoSuchWindowException: no such window: target window already closed\nfrom unknown error: web view not found\n  (Session info: chrome=138.0.7204.102)\nBuild info: version: '4.15.0', revision: '1d14b5521b'\nSystem info: os.name: 'Mac OS X', os.arch: 'aarch64', os.version: '15.5', java.version: '23'\nDriver info: org.openqa.selenium.chrome.ChromeDriver\nCommand: [5759b5f8bfbc2305cd891b7d42b010e7, screenshot {}]\nCapabilities {acceptInsecureCerts: false, browserName: chrome, browserVersion: 138.0.7204.102, chrome: {chromedriverVersion: 138.0.7204.157 (e533e98b126..., userDataDir: /var/folders/m_/k3b1gzss4m1...}, fedcm:accounts: true, goog:chromeOptions: {debuggerAddress: localhost:52461}, networkConnectionEnabled: false, pageLoadStrategy: normal, platformName: mac, proxy: Proxy(), se:cdp: ws://localhost:52461/devtoo..., se:cdpVersion: 138.0.7204.102, setWindowRect: true, strictFileInteractability: false, timeouts: {implicit: 0, pageLoad: 300000, script: 30000}, unhandledPromptBehavior: dismiss and notify, webauthn:extension:credBlob: true, webauthn:extension:largeBlob: true, webauthn:extension:minPinLength: true, webauthn:extension:prf: true, webauthn:virtualAuthenticators: true}\nSession ID: 5759b5f8bfbc2305cd891b7d42b010e7\n\tat java.base/jdk.internal.reflect.DirectConstructorHandleAccessor.newInstance(DirectConstructorHandleAccessor.java:62)\n\tat java.base/java.lang.reflect.Constructor.newInstanceWithCaller(Constructor.java:501)\n\tat java.base/java.lang.reflect.Constructor.newInstance(Constructor.java:485)\n\tat org.openqa.selenium.remote.codec.w3c.W3CHttpResponseCodec.createException(W3CHttpResponseCodec.java:200)\n\tat org.openqa.selenium.remote.codec.w3c.W3CHttpResponseCodec.decode(W3CHttpResponseCodec.java:133)\n\tat org.openqa.selenium.remote.codec.w3c.W3CHttpResponseCodec.decode(W3CHttpResponseCodec.java:52)\n\tat org.openqa.selenium.remote.HttpCommandExecutor.execute(HttpCommandExecutor.java:191)\n\tat org.openqa.selenium.remote.service.DriverCommandExecutor.invokeExecute(DriverCommandExecutor.java:200)\n\tat org.openqa.selenium.remote.service.DriverCommandExecutor.execute(DriverCommandExecutor.java:175)\n\tat org.openqa.selenium.remote.RemoteWebDriver.execute(RemoteWebDriver.java:607)\n\tat org.openqa.selenium.remote.RemoteWebDriver.execute(RemoteWebDriver.java:680)\n\tat org.openqa.selenium.remote.RemoteWebDriver.execute(RemoteWebDriver.java:684)\n\tat org.openqa.selenium.remote.RemoteWebDriver.getScreenshotAs(RemoteWebDriver.java:330)\n\tat utils.ScreenshotUtil.takeScreenshot(ScreenshotUtil.java:30)\n\tat Hooks.TestHooks.tearDown(TestHooks.java:35)\n","duration":1395000,"status":"failed"},"match":{"location":"Hooks.TestHooks.tearDown(io.cucumber.java.Scenario)"}}],"type":"scenario","keyword":"Scenario Outline","steps":[{"result":{"duration":597000,"status":"passed"},"line":7,"name":"Launch the browser and access automation excercise site","match":{"location":"automationExercisesStepDefinitions.RegisterUser.launch_the_browser_and_access_automation_excercise_site()"},"keyword":"Given "},{"result":{"error_message":"org.openqa.selenium.NoSuchWindowException: no such window: target window already closed\nfrom unknown error: web view not found\n  (Session info: chrome=138.0.7204.102)\nBuild info: version: '4.15.0', revision: '1d14b5521b'\nSystem info: os.name: 'Mac OS X', os.arch: 'aarch64', os.version: '15.5', java.version: '23'\nDriver info: org.openqa.selenium.chrome.ChromeDriver\nCommand: [5759b5f8bfbc2305cd891b7d42b010e7, findElement {using=xpath, value=//div[@id='slider-carousel']}]\nCapabilities {acceptInsecureCerts: false, browserName: chrome, browserVersion: 138.0.7204.102, chrome: {chromedriverVersion: 138.0.7204.157 (e533e98b126..., userDataDir: /var/folders/m_/k3b1gzss4m1...}, fedcm:accounts: true, goog:chromeOptions: {debuggerAddress: localhost:52461}, networkConnectionEnabled: false, pageLoadStrategy: normal, platformName: mac, proxy: Proxy(), se:cdp: ws://localhost:52461/devtoo..., se:cdpVersion: 138.0.7204.102, setWindowRect: true, strictFileInteractability: false, timeouts: {implicit: 0, pageLoad: 300000, script: 30000}, unhandledPromptBehavior: dismiss and notify, webauthn:extension:credBlob: true, webauthn:extension:largeBlob: true, webauthn:extension:minPinLength: true, webauthn:extension:prf: true, webauthn:virtualAuthenticators: true}\nSession ID: 5759b5f8bfbc2305cd891b7d42b010e7\n\tat java.base/jdk.internal.reflect.DirectConstructorHandleAccessor.newInstance(DirectConstructorHandleAccessor.java:62)\n\tat java.base/java.lang.reflect.Constructor.newInstanceWithCaller(Constructor.java:501)\n\tat java.base/java.lang.reflect.Constructor.newInstance(Constructor.java:485)\n\tat org.openqa.selenium.remote.codec.w3c.W3CHttpResponseCodec.createException(W3CHttpResponseCodec.java:200)\n\tat org.openqa.selenium.remote.codec.w3c.W3CHttpResponseCodec.decode(W3CHttpResponseCodec.java:133)\n\tat org.openqa.selenium.remote.codec.w3c.W3CHttpResponseCodec.decode(W3CHttpResponseCodec.java:52)\n\tat org.openqa.selenium.remote.HttpCommandExecutor.execute(HttpCommandExecutor.java:191)\n\tat org.openqa.selenium.remote.service.DriverCommandExecutor.invokeExecute(DriverCommandExecutor.java:200)\n\tat org.openqa.selenium.remote.service.DriverCommandExecutor.execute(DriverCommandExecutor.java:175)\n\tat org.openqa.selenium.remote.RemoteWebDriver.execute(RemoteWebDriver.java:607)\n\tat org.openqa.selenium.remote.ElementLocation$ElementFinder$2.findElement(ElementLocation.java:165)\n\tat org.openqa.selenium.remote.ElementLocation.findElement(ElementLocation.java:59)\n\tat org.openqa.selenium.remote.RemoteWebDriver.findElement(RemoteWebDriver.java:364)\n\tat org.openqa.selenium.remote.RemoteWebDriver.findElement(RemoteWebDriver.java:358)\n\tat org.openqa.selenium.support.pagefactory.DefaultElementLocator.findElement(DefaultElementLocator.java:68)\n\tat org.openqa.selenium.support.pagefactory.internal.LocatingElementHandler.invoke(LocatingElementHandler.java:38)\n\tat jdk.proxy2/jdk.proxy2.$Proxy26.isDisplayed(Unknown Source)\n\tat Pages.HomePAge.home_page_displayed(HomePAge.java:132)\n\tat automationExercisesStepDefinitions.RegisterUser.verify_that_home_page_is_visible_successfully(RegisterUser.java:23)\n\tat ✽.Verify that home page is visible successfully(file:///Users/vara/eclipse-workspace/CucumberProject/src/test/java/automationExercise/RegisterUser.feature:8)\n","duration":1783000,"status":"failed"},"line":8,"name":"Verify that home page is visible successfully","match":{"location":"automationExercisesStepDefinitions.RegisterUser.verify_that_home_page_is_visible_successfully()"},"keyword":"Then "},{"result":{"duration":61000,"status":"skipped"},"line":9,"name":"Click on 'Signup / Login' button","match":{"arguments":[{"val":"'Signup / Login'","offset":9}],"location":"automationExercisesStepDefinitions.RegisterUser.click_on_button(java.lang.String)"},"keyword":"When "},{"result":{"duration":43000,"status":"skipped"},"line":10,"name":"Verify 'New User Signup!' is visible","match":{"arguments":[{"val":"'New User Signup!'","offset":7}],"location":"automationExercisesStepDefinitions.RegisterUser.verify_is_visible(java.lang.String)"},"keyword":"Then "},{"result":{"duration":49000,"status":"skipped"},"line":11,"name":"Enter \"Alice K\" and \"alicek123@mail.com\"","match":{"arguments":[{"val":"\"Alice K\"","offset":6},{"val":"\"alicek123@mail.com\"","offset":20}],"location":"automationExercisesStepDefinitions.RegisterUser.enter_username_email(java.lang.String,java.lang.String)"},"keyword":"When "},{"result":{"duration":47000,"status":"skipped"},"line":12,"name":"Click 'Signup' button","match":{"arguments":[{"val":"'Signup'","offset":6}],"location":"automationExercisesStepDefinitions.RegisterUser.click_btn(java.lang.String)"},"keyword":"And "},{"result":{"duration":46000,"status":"skipped"},"line":13,"name":"Verify that the 'Enter Account Information' is visible","match":{"arguments":[{"val":"'Enter Account Information'","offset":16}],"location":"automationExercisesStepDefinitions.RegisterUser.verify_that_is_visible(java.lang.String)"},"keyword":"Then "},{"result":{"duration":55000,"status":"skipped"},"line":14,"name":"Fill details: \"Mrs.\", \"Alice K\", \"alicek123@mail.com\", \"A1!ice@23\", \"12-June-1997\"","match":{"arguments":[{"val":"\"Mrs.\"","offset":14},{"val":"\"Alice K\"","offset":22},{"val":"\"alicek123@mail.com\"","offset":33},{"val":"\"A1!ice@23\"","offset":55},{"val":"\"12-June-1997\"","offset":68}],"location":"automationExercisesStepDefinitions.RegisterUser.fill_basic_details(java.lang.String,java.lang.String,java.lang.String,java.lang.String,java.lang.String)"},"keyword":"When "},{"result":{"duration":40000,"status":"skipped"},"line":15,"name":"Select checkbox 'Sign up for our newsletter!'","match":{"arguments":[{"val":"'Sign up for our newsletter!'","offset":16}],"location":"automationExercisesStepDefinitions.RegisterUser.select_newsletter_checkbox(java.lang.String)"},"keyword":"And "},{"result":{"duration":40000,"status":"skipped"},"line":16,"name":"Select checkbox 'Receive special offers from our partners!'","match":{"arguments":[{"val":"'Receive special offers from our partners!'","offset":16}],"location":"automationExercisesStepDefinitions.RegisterUser.select_newsletter_checkbox(java.lang.String)"},"keyword":"And "},{"result":{"duration":50000,"status":"skipped"},"line":17,"name":"Fill details: \"Alice\", \"Kapoor\", \"GreenSoft Ltd\", \"221B Baker Street\", \"Apt 4B\", \"United States\", \"New York\", \"New York\", \"10001\", \"9876543210\"","match":{"arguments":[{"val":"\"Alice\"","offset":14},{"val":"\"Kapoor\"","offset":23},{"val":"\"GreenSoft Ltd\"","offset":33},{"val":"\"221B Baker Street\"","offset":50},{"val":"\"Apt 4B\"","offset":71},{"val":"\"United States\"","offset":81},{"val":"\"New York\"","offset":98},{"val":"\"New York\"","offset":110},{"val":"\"10001\"","offset":122},{"val":"\"9876543210\"","offset":131}],"location":"automationExercisesStepDefinitions.RegisterUser.fill_address_details(java.lang.String,java.lang.String,java.lang.String,java.lang.String,java.lang.String,java.lang.String,java.lang.String,java.lang.String,java.lang.String,java.lang.String)"},"keyword":"When "},{"result":{"duration":42000,"status":"skipped"},"line":18,"name":"Click 'Create Account' button","match":{"arguments":[{"val":"'Create Account'","offset":6}],"location":"automationExercisesStepDefinitions.RegisterUser.click_btn(java.lang.String)"},"keyword":"And "},{"result":{"duration":117000,"status":"skipped"},"line":19,"name":"Verify 'Account Created!' is visible","match":{"arguments":[{"val":"'Account Created!'","offset":7}],"location":"automationExercisesStepDefinitions.RegisterUser.verify_is_visible(java.lang.String)"},"keyword":"Then "},{"result":{"duration":43000,"status":"skipped"},"line":20,"name":"Click on 'Continue' button","match":{"arguments":[{"val":"'Continue'","offset":9}],"location":"automationExercisesStepDefinitions.RegisterUser.click_on_button(java.lang.String)"},"keyword":"When "},{"result":{"duration":40000,"status":"skipped"},"line":21,"name":"Verify that 'Logged in as username' is visible","match":{"location":"automationExercisesStepDefinitions.RegisterUser.verify_logged_in_as_username_is_visible()"},"keyword":"Then "}]},{"start_timestamp":"2025-07-16T11:23:20.092Z","before":[{"result":{"duration":130000,"status":"passed"},"match":{"location":"Hooks.TestHooks.launchbrowser(io.cucumber.java.Scenario)"}}],"line":28,"name":"Register the user for the first time to ecommerce application","description":"","id":"register-user;register-the-user-for-the-first-time-to-ecommerce-application;;3","after":[{"result":{"error_message":"org.openqa.selenium.NoSuchWindowException: no such window: target window already closed\nfrom unknown error: web view not found\n  (Session info: chrome=138.0.7204.102)\nBuild info: version: '4.15.0', revision: '1d14b5521b'\nSystem info: os.name: 'Mac OS X', os.arch: 'aarch64', os.version: '15.5', java.version: '23'\nDriver info: org.openqa.selenium.chrome.ChromeDriver\nCommand: [5759b5f8bfbc2305cd891b7d42b010e7, screenshot {}]\nCapabilities {acceptInsecureCerts: false, browserName: chrome, browserVersion: 138.0.7204.102, chrome: {chromedriverVersion: 138.0.7204.157 (e533e98b126..., userDataDir: /var/folders/m_/k3b1gzss4m1...}, fedcm:accounts: true, goog:chromeOptions: {debuggerAddress: localhost:52461}, networkConnectionEnabled: false, pageLoadStrategy: normal, platformName: mac, proxy: Proxy(), se:cdp: ws://localhost:52461/devtoo..., se:cdpVersion: 138.0.7204.102, setWindowRect: true, strictFileInteractability: false, timeouts: {implicit: 0, pageLoad: 300000, script: 30000}, unhandledPromptBehavior: dismiss and notify, webauthn:extension:credBlob: true, webauthn:extension:largeBlob: true, webauthn:extension:minPinLength: true, webauthn:extension:prf: true, webauthn:virtualAuthenticators: true}\nSession ID: 5759b5f8bfbc2305cd891b7d42b010e7\n\tat java.base/jdk.internal.reflect.DirectConstructorHandleAccessor.newInstance(DirectConstructorHandleAccessor.java:62)\n\tat java.base/java.lang.reflect.Constructor.newInstanceWithCaller(Constructor.java:501)\n\tat java.base/java.lang.reflect.Constructor.newInstance(Constructor.java:485)\n\tat org.openqa.selenium.remote.codec.w3c.W3CHttpResponseCodec.createException(W3CHttpResponseCodec.java:200)\n\tat org.openqa.selenium.remote.codec.w3c.W3CHttpResponseCodec.decode(W3CHttpResponseCodec.java:133)\n\tat org.openqa.selenium.remote.codec.w3c.W3CHttpResponseCodec.decode(W3CHttpResponseCodec.java:52)\n\tat org.openqa.selenium.remote.HttpCommandExecutor.execute(HttpCommandExecutor.java:191)\n\tat org.openqa.selenium.remote.service.DriverCommandExecutor.invokeExecute(DriverCommandExecutor.java:200)\n\tat org.openqa.selenium.remote.service.DriverCommandExecutor.execute(DriverCommandExecutor.java:175)\n\tat org.openqa.selenium.remote.RemoteWebDriver.execute(RemoteWebDriver.java:607)\n\tat org.openqa.selenium.remote.RemoteWebDriver.execute(RemoteWebDriver.java:680)\n\tat org.openqa.selenium.remote.RemoteWebDriver.execute(RemoteWebDriver.java:684)\n\tat org.openqa.selenium.remote.RemoteWebDriver.getScreenshotAs(RemoteWebDriver.java:330)\n\tat utils.ScreenshotUtil.takeScreenshot(ScreenshotUtil.java:30)\n\tat Hooks.TestHooks.tearDown(TestHooks.java:35)\n","duration":1675000,"status":"failed"},"match":{"location":"Hooks.TestHooks.tearDown(io.cucumber.java.Scenario)"}}],"type":"scenario","keyword":"Scenario Outline","steps":[{"result":{"duration":484000,"status":"passed"},"line":7,"name":"Launch the browser and access automation excercise site","match":{"location":"automationExercisesStepDefinitions.RegisterUser.launch_the_browser_and_access_automation_excercise_site()"},"keyword":"Given "},{"result":{"error_message":"org.openqa.selenium.NoSuchWindowException: no such window: target window already closed\nfrom unknown error: web view not found\n  (Session info: chrome=138.0.7204.102)\nBuild info: version: '4.15.0', revision: '1d14b5521b'\nSystem info: os.name: 'Mac OS X', os.arch: 'aarch64', os.version: '15.5', java.version: '23'\nDriver info: org.openqa.selenium.chrome.ChromeDriver\nCommand: [5759b5f8bfbc2305cd891b7d42b010e7, findElement {using=xpath, value=//div[@id='slider-carousel']}]\nCapabilities {acceptInsecureCerts: false, browserName: chrome, browserVersion: 138.0.7204.102, chrome: {chromedriverVersion: 138.0.7204.157 (e533e98b126..., userDataDir: /var/folders/m_/k3b1gzss4m1...}, fedcm:accounts: true, goog:chromeOptions: {debuggerAddress: localhost:52461}, networkConnectionEnabled: false, pageLoadStrategy: normal, platformName: mac, proxy: Proxy(), se:cdp: ws://localhost:52461/devtoo..., se:cdpVersion: 138.0.7204.102, setWindowRect: true, strictFileInteractability: false, timeouts: {implicit: 0, pageLoad: 300000, script: 30000}, unhandledPromptBehavior: dismiss and notify, webauthn:extension:credBlob: true, webauthn:extension:largeBlob: true, webauthn:extension:minPinLength: true, webauthn:extension:prf: true, webauthn:virtualAuthenticators: true}\nSession ID: 5759b5f8bfbc2305cd891b7d42b010e7\n\tat java.base/jdk.internal.reflect.DirectConstructorHandleAccessor.newInstance(DirectConstructorHandleAccessor.java:62)\n\tat java.base/java.lang.reflect.Constructor.newInstanceWithCaller(Constructor.java:501)\n\tat java.base/java.lang.reflect.Constructor.newInstance(Constructor.java:485)\n\tat org.openqa.selenium.remote.codec.w3c.W3CHttpResponseCodec.createException(W3CHttpResponseCodec.java:200)\n\tat org.openqa.selenium.remote.codec.w3c.W3CHttpResponseCodec.decode(W3CHttpResponseCodec.java:133)\n\tat org.openqa.selenium.remote.codec.w3c.W3CHttpResponseCodec.decode(W3CHttpResponseCodec.java:52)\n\tat org.openqa.selenium.remote.HttpCommandExecutor.execute(HttpCommandExecutor.java:191)\n\tat org.openqa.selenium.remote.service.DriverCommandExecutor.invokeExecute(DriverCommandExecutor.java:200)\n\tat org.openqa.selenium.remote.service.DriverCommandExecutor.execute(DriverCommandExecutor.java:175)\n\tat org.openqa.selenium.remote.RemoteWebDriver.execute(RemoteWebDriver.java:607)\n\tat org.openqa.selenium.remote.ElementLocation$ElementFinder$2.findElement(ElementLocation.java:165)\n\tat org.openqa.selenium.remote.ElementLocation.findElement(ElementLocation.java:59)\n\tat org.openqa.selenium.remote.RemoteWebDriver.findElement(RemoteWebDriver.java:364)\n\tat org.openqa.selenium.remote.RemoteWebDriver.findElement(RemoteWebDriver.java:358)\n\tat org.openqa.selenium.support.pagefactory.DefaultElementLocator.findElement(DefaultElementLocator.java:68)\n\tat org.openqa.selenium.support.pagefactory.internal.LocatingElementHandler.invoke(LocatingElementHandler.java:38)\n\tat jdk.proxy2/jdk.proxy2.$Proxy26.isDisplayed(Unknown Source)\n\tat Pages.HomePAge.home_page_displayed(HomePAge.java:132)\n\tat automationExercisesStepDefinitions.RegisterUser.verify_that_home_page_is_visible_successfully(RegisterUser.java:23)\n\tat ✽.Verify that home page is visible successfully(file:///Users/vara/eclipse-workspace/CucumberProject/src/test/java/automationExercise/RegisterUser.feature:8)\n","duration":1707000,"status":"failed"},"line":8,"name":"Verify that home page is visible successfully","match":{"location":"automationExercisesStepDefinitions.RegisterUser.verify_that_home_page_is_visible_successfully()"},"keyword":"Then "},{"result":{"duration":47000,"status":"skipped"},"line":9,"name":"Click on 'Signup / Login' button","match":{"arguments":[{"val":"'Signup / Login'","offset":9}],"location":"automationExercisesStepDefinitions.RegisterUser.click_on_button(java.lang.String)"},"keyword":"When "},{"result":{"duration":44000,"status":"skipped"},"line":10,"name":"Verify 'New User Signup!' is visible","match":{"arguments":[{"val":"'New User Signup!'","offset":7}],"location":"automationExercisesStepDefinitions.RegisterUser.verify_is_visible(java.lang.String)"},"keyword":"Then "},{"result":{"duration":41000,"status":"skipped"},"line":11,"name":"Enter \"John D\" and \"john.doe99@gmail.com\"","match":{"arguments":[{"val":"\"John D\"","offset":6},{"val":"\"john.doe99@gmail.com\"","offset":19}],"location":"automationExercisesStepDefinitions.RegisterUser.enter_username_email(java.lang.String,java.lang.String)"},"keyword":"When "},{"result":{"duration":138000,"status":"skipped"},"line":12,"name":"Click 'Signup' button","match":{"arguments":[{"val":"'Signup'","offset":6}],"location":"automationExercisesStepDefinitions.RegisterUser.click_btn(java.lang.String)"},"keyword":"And "},{"result":{"duration":97000,"status":"skipped"},"line":13,"name":"Verify that the 'Enter Account Information' is visible","match":{"arguments":[{"val":"'Enter Account Information'","offset":16}],"location":"automationExercisesStepDefinitions.RegisterUser.verify_that_is_visible(java.lang.String)"},"keyword":"Then "},{"result":{"duration":99000,"status":"skipped"},"line":14,"name":"Fill details: \"Mr.\", \"John D\", \"john.doe99@gmail.com\", \"Jd@Pass9\", \"9-September-1988\"","match":{"arguments":[{"val":"\"Mr.\"","offset":14},{"val":"\"John D\"","offset":21},{"val":"\"john.doe99@gmail.com\"","offset":31},{"val":"\"Jd@Pass9\"","offset":55},{"val":"\"9-September-1988\"","offset":67}],"location":"automationExercisesStepDefinitions.RegisterUser.fill_basic_details(java.lang.String,java.lang.String,java.lang.String,java.lang.String,java.lang.String)"},"keyword":"When "},{"result":{"duration":73000,"status":"skipped"},"line":15,"name":"Select checkbox 'Sign up for our newsletter!'","match":{"arguments":[{"val":"'Sign up for our newsletter!'","offset":16}],"location":"automationExercisesStepDefinitions.RegisterUser.select_newsletter_checkbox(java.lang.String)"},"keyword":"And "},{"result":{"duration":48000,"status":"skipped"},"line":16,"name":"Select checkbox 'Receive special offers from our partners!'","match":{"arguments":[{"val":"'Receive special offers from our partners!'","offset":16}],"location":"automationExercisesStepDefinitions.RegisterUser.select_newsletter_checkbox(java.lang.String)"},"keyword":"And "},{"result":{"duration":37000,"status":"skipped"},"line":17,"name":"Fill details: \"John\", \"Doe\", \"FinCorp Inc\", \"14 Elmwood Drive\", \"Suite 210\", \"Canada\", \"Ontario\", \"Toronto\", \"M5V 3L9\", \"9123456789\"","match":{"arguments":[{"val":"\"John\"","offset":14},{"val":"\"Doe\"","offset":22},{"val":"\"FinCorp Inc\"","offset":29},{"val":"\"14 Elmwood Drive\"","offset":44},{"val":"\"Suite 210\"","offset":64},{"val":"\"Canada\"","offset":77},{"val":"\"Ontario\"","offset":87},{"val":"\"Toronto\"","offset":98},{"val":"\"M5V 3L9\"","offset":109},{"val":"\"9123456789\"","offset":120}],"location":"automationExercisesStepDefinitions.RegisterUser.fill_address_details(java.lang.String,java.lang.String,java.lang.String,java.lang.String,java.lang.String,java.lang.String,java.lang.String,java.lang.String,java.lang.String,java.lang.String)"},"keyword":"When "},{"result":{"duration":33000,"status":"skipped"},"line":18,"name":"Click 'Create Account' button","match":{"arguments":[{"val":"'Create Account'","offset":6}],"location":"automationExercisesStepDefinitions.RegisterUser.click_btn(java.lang.String)"},"keyword":"And "},{"result":{"duration":35000,"status":"skipped"},"line":19,"name":"Verify 'Account Created!' is visible","match":{"arguments":[{"val":"'Account Created!'","offset":7}],"location":"automationExercisesStepDefinitions.RegisterUser.verify_is_visible(java.lang.String)"},"keyword":"Then "},{"result":{"duration":33000,"status":"skipped"},"line":20,"name":"Click on 'Continue' button","match":{"arguments":[{"val":"'Continue'","offset":9}],"location":"automationExercisesStepDefinitions.RegisterUser.click_on_button(java.lang.String)"},"keyword":"When "},{"result":{"duration":37000,"status":"skipped"},"line":21,"name":"Verify that 'Logged in as username' is visible","match":{"location":"automationExercisesStepDefinitions.RegisterUser.verify_logged_in_as_username_is_visible()"},"keyword":"Then "}]}],"name":"Register User","description":"","id":"register-user","keyword":"Feature","uri":"file:src/test/java/automationExercise/RegisterUser.feature","tags":[]},{"line":3,"elements":[{"start_timestamp":"2025-07-16T11:23:20.115Z","before":[{"result":{"duration":978000,"status":"passed"},"match":{"location":"Hooks.TestHooks.launchbrowser(io.cucumber.java.Scenario)"}}],"line":21,"name":"Login User with correct email and password","description":"","id":"user-login-to-automation-exercise-website;login-user-with-correct-email-and-password;;2","after":[{"result":{"error_message":"org.openqa.selenium.NoSuchWindowException: no such window: target window already closed\nfrom unknown error: web view not found\n  (Session info: chrome=138.0.7204.102)\nBuild info: version: '4.15.0', revision: '1d14b5521b'\nSystem info: os.name: 'Mac OS X', os.arch: 'aarch64', os.version: '15.5', java.version: '23'\nDriver info: org.openqa.selenium.chrome.ChromeDriver\nCommand: [5759b5f8bfbc2305cd891b7d42b010e7, screenshot {}]\nCapabilities {acceptInsecureCerts: false, browserName: chrome, browserVersion: 138.0.7204.102, chrome: {chromedriverVersion: 138.0.7204.157 (e533e98b126..., userDataDir: /var/folders/m_/k3b1gzss4m1...}, fedcm:accounts: true, goog:chromeOptions: {debuggerAddress: localhost:52461}, networkConnectionEnabled: false, pageLoadStrategy: normal, platformName: mac, proxy: Proxy(), se:cdp: ws://localhost:52461/devtoo..., se:cdpVersion: 138.0.7204.102, setWindowRect: true, strictFileInteractability: false, timeouts: {implicit: 0, pageLoad: 300000, script: 30000}, unhandledPromptBehavior: dismiss and notify, webauthn:extension:credBlob: true, webauthn:extension:largeBlob: true, webauthn:extension:minPinLength: true, webauthn:extension:prf: true, webauthn:virtualAuthenticators: true}\nSession ID: 5759b5f8bfbc2305cd891b7d42b010e7\n\tat java.base/jdk.internal.reflect.DirectConstructorHandleAccessor.newInstance(DirectConstructorHandleAccessor.java:62)\n\tat java.base/java.lang.reflect.Constructor.newInstanceWithCaller(Constructor.java:501)\n\tat java.base/java.lang.reflect.Constructor.newInstance(Constructor.java:485)\n\tat org.openqa.selenium.remote.codec.w3c.W3CHttpResponseCodec.createException(W3CHttpResponseCodec.java:200)\n\tat org.openqa.selenium.remote.codec.w3c.W3CHttpResponseCodec.decode(W3CHttpResponseCodec.java:133)\n\tat org.openqa.selenium.remote.codec.w3c.W3CHttpResponseCodec.decode(W3CHttpResponseCodec.java:52)\n\tat org.openqa.selenium.remote.HttpCommandExecutor.execute(HttpCommandExecutor.java:191)\n\tat org.openqa.selenium.remote.service.DriverCommandExecutor.invokeExecute(DriverCommandExecutor.java:200)\n\tat org.openqa.selenium.remote.service.DriverCommandExecutor.execute(DriverCommandExecutor.java:175)\n\tat org.openqa.selenium.remote.RemoteWebDriver.execute(RemoteWebDriver.java:607)\n\tat org.openqa.selenium.remote.RemoteWebDriver.execute(RemoteWebDriver.java:680)\n\tat org.openqa.selenium.remote.RemoteWebDriver.execute(RemoteWebDriver.java:684)\n\tat org.openqa.selenium.remote.RemoteWebDriver.getScreenshotAs(RemoteWebDriver.java:330)\n\tat utils.ScreenshotUtil.takeScreenshot(ScreenshotUtil.java:30)\n\tat Hooks.TestHooks.tearDown(TestHooks.java:35)\n","duration":13978000,"status":"failed"},"match":{"location":"Hooks.TestHooks.tearDown(io.cucumber.java.Scenario)"}}],"type":"scenario","keyword":"Scenario Outline","steps":[{"result":{"duration":1282000,"status":"passed"},"line":7,"name":"Launch the browser and access automation excercise site","match":{"location":"automationExercisesStepDefinitions.RegisterUser.launch_the_browser_and_access_automation_excercise_site()"},"keyword":"Given "},{"result":{"error_message":"org.openqa.selenium.NoSuchWindowException: no such window: target window already closed\nfrom unknown error: web view not found\n  (Session info: chrome=138.0.7204.102)\nBuild info: version: '4.15.0', revision: '1d14b5521b'\nSystem info: os.name: 'Mac OS X', os.arch: 'aarch64', os.version: '15.5', java.version: '23'\nDriver info: org.openqa.selenium.chrome.ChromeDriver\nCommand: [5759b5f8bfbc2305cd891b7d42b010e7, findElement {using=xpath, value=//div[@id='slider-carousel']}]\nCapabilities {acceptInsecureCerts: false, browserName: chrome, browserVersion: 138.0.7204.102, chrome: {chromedriverVersion: 138.0.7204.157 (e533e98b126..., userDataDir: /var/folders/m_/k3b1gzss4m1...}, fedcm:accounts: true, goog:chromeOptions: {debuggerAddress: localhost:52461}, networkConnectionEnabled: false, pageLoadStrategy: normal, platformName: mac, proxy: Proxy(), se:cdp: ws://localhost:52461/devtoo..., se:cdpVersion: 138.0.7204.102, setWindowRect: true, strictFileInteractability: false, timeouts: {implicit: 0, pageLoad: 300000, script: 30000}, unhandledPromptBehavior: dismiss and notify, webauthn:extension:credBlob: true, webauthn:extension:largeBlob: true, webauthn:extension:minPinLength: true, webauthn:extension:prf: true, webauthn:virtualAuthenticators: true}\nSession ID: 5759b5f8bfbc2305cd891b7d42b010e7\n\tat java.base/jdk.internal.reflect.DirectConstructorHandleAccessor.newInstance(DirectConstructorHandleAccessor.java:62)\n\tat java.base/java.lang.reflect.Constructor.newInstanceWithCaller(Constructor.java:501)\n\tat java.base/java.lang.reflect.Constructor.newInstance(Constructor.java:485)\n\tat org.openqa.selenium.remote.codec.w3c.W3CHttpResponseCodec.createException(W3CHttpResponseCodec.java:200)\n\tat org.openqa.selenium.remote.codec.w3c.W3CHttpResponseCodec.decode(W3CHttpResponseCodec.java:133)\n\tat org.openqa.selenium.remote.codec.w3c.W3CHttpResponseCodec.decode(W3CHttpResponseCodec.java:52)\n\tat org.openqa.selenium.remote.HttpCommandExecutor.execute(HttpCommandExecutor.java:191)\n\tat org.openqa.selenium.remote.service.DriverCommandExecutor.invokeExecute(DriverCommandExecutor.java:200)\n\tat org.openqa.selenium.remote.service.DriverCommandExecutor.execute(DriverCommandExecutor.java:175)\n\tat org.openqa.selenium.remote.RemoteWebDriver.execute(RemoteWebDriver.java:607)\n\tat org.openqa.selenium.remote.ElementLocation$ElementFinder$2.findElement(ElementLocation.java:165)\n\tat org.openqa.selenium.remote.ElementLocation.findElement(ElementLocation.java:59)\n\tat org.openqa.selenium.remote.RemoteWebDriver.findElement(RemoteWebDriver.java:364)\n\tat org.openqa.selenium.remote.RemoteWebDriver.findElement(RemoteWebDriver.java:358)\n\tat org.openqa.selenium.support.pagefactory.DefaultElementLocator.findElement(DefaultElementLocator.java:68)\n\tat org.openqa.selenium.support.pagefactory.internal.LocatingElementHandler.invoke(LocatingElementHandler.java:38)\n\tat jdk.proxy2/jdk.proxy2.$Proxy26.isDisplayed(Unknown Source)\n\tat Pages.HomePAge.home_page_displayed(HomePAge.java:132)\n\tat automationExercisesStepDefinitions.RegisterUser.verify_that_home_page_is_visible_successfully(RegisterUser.java:23)\n\tat ✽.Verify that home page is visible successfully(file:///Users/vara/eclipse-workspace/CucumberProject/src/test/java/automationExercise/UserLogin.feature:8)\n","duration":2790000,"status":"failed"},"line":8,"name":"Verify that home page is visible successfully","match":{"location":"automationExercisesStepDefinitions.RegisterUser.verify_that_home_page_is_visible_successfully()"},"keyword":"Then "},{"result":{"duration":48000,"status":"skipped"},"line":9,"name":"Click on 'Signup / Login' button","match":{"arguments":[{"val":"'Signup / Login'","offset":9}],"location":"automationExercisesStepDefinitions.RegisterUser.click_on_button(java.lang.String)"},"keyword":"When "},{"result":{"duration":51000,"status":"skipped"},"line":10,"name":"Verify 'Login to your account' is visible","match":{"arguments":[{"val":"'Login to your account'","offset":7}],"location":"automationExercisesStepDefinitions.RegisterUser.verify_is_visible(java.lang.String)"},"keyword":"Then "},{"result":{"duration":256000,"status":"skipped"},"line":11,"name":"Enter correct \"alicek123@mail.com\" and \"A1!ice@23\"","match":{"arguments":[{"val":"\"alicek123@mail.com\"","offset":14},{"val":"\"A1!ice@23\"","offset":39}],"location":"automationExercisesStepDefinitions.LoginUser.enter_email_password(java.lang.String,java.lang.String)"},"keyword":"When "},{"result":{"duration":40000,"status":"skipped"},"line":12,"name":"Click 'Login' button","match":{"arguments":[{"val":"'Login'","offset":6}],"location":"automationExercisesStepDefinitions.RegisterUser.click_btn(java.lang.String)"},"keyword":"And "},{"result":{"duration":27000,"status":"skipped"},"line":13,"name":"Verify that 'Logged in as username' is visible","match":{"location":"automationExercisesStepDefinitions.RegisterUser.verify_logged_in_as_username_is_visible()"},"keyword":"Then "},{"result":{"duration":30000,"status":"skipped"},"line":14,"name":"Click 'Delete Account' button","match":{"arguments":[{"val":"'Delete Account'","offset":6}],"location":"automationExercisesStepDefinitions.RegisterUser.click_btn(java.lang.String)"},"keyword":"And "},{"result":{"duration":23000,"status":"skipped"},"line":15,"name":"Verify that the 'Account Deleted!' is visible","match":{"arguments":[{"val":"'Account Deleted!'","offset":16}],"location":"automationExercisesStepDefinitions.RegisterUser.verify_that_is_visible(java.lang.String)"},"keyword":"Then "}]}],"name":"User Login to Automation Exercise Website","description":"","id":"user-login-to-automation-exercise-website","keyword":"Feature","uri":"file:src/test/java/automationExercise/UserLogin.feature","tags":[]},{"line":1,"elements":[{"start_timestamp":"2025-07-16T11:23:20.146Z","before":[{"result":{"duration":212000,"status":"passed"},"match":{"location":"Hooks.TestHooks.launchbrowser(io.cucumber.java.Scenario)"}}],"line":17,"name":"User logsout from the automation exercise website","description":"","id":"user-logout;user-logsout-from-the-automation-exercise-website;;2","after":[{"result":{"error_message":"org.openqa.selenium.NoSuchWindowException: no such window: target window already closed\nfrom unknown error: web view not found\n  (Session info: chrome=138.0.7204.102)\nBuild info: version: '4.15.0', revision: '1d14b5521b'\nSystem info: os.name: 'Mac OS X', os.arch: 'aarch64', os.version: '15.5', java.version: '23'\nDriver info: org.openqa.selenium.chrome.ChromeDriver\nCommand: [5759b5f8bfbc2305cd891b7d42b010e7, screenshot {}]\nCapabilities {acceptInsecureCerts: false, browserName: chrome, browserVersion: 138.0.7204.102, chrome: {chromedriverVersion: 138.0.7204.157 (e533e98b126..., userDataDir: /var/folders/m_/k3b1gzss4m1...}, fedcm:accounts: true, goog:chromeOptions: {debuggerAddress: localhost:52461}, networkConnectionEnabled: false, pageLoadStrategy: normal, platformName: mac, proxy: Proxy(), se:cdp: ws://localhost:52461/devtoo..., se:cdpVersion: 138.0.7204.102, setWindowRect: true, strictFileInteractability: false, timeouts: {implicit: 0, pageLoad: 300000, script: 30000}, unhandledPromptBehavior: dismiss and notify, webauthn:extension:credBlob: true, webauthn:extension:largeBlob: true, webauthn:extension:minPinLength: true, webauthn:extension:prf: true, webauthn:virtualAuthenticators: true}\nSession ID: 5759b5f8bfbc2305cd891b7d42b010e7\n\tat java.base/jdk.internal.reflect.DirectConstructorHandleAccessor.newInstance(DirectConstructorHandleAccessor.java:62)\n\tat java.base/java.lang.reflect.Constructor.newInstanceWithCaller(Constructor.java:501)\n\tat java.base/java.lang.reflect.Constructor.newInstance(Constructor.java:485)\n\tat org.openqa.selenium.remote.codec.w3c.W3CHttpResponseCodec.createException(W3CHttpResponseCodec.java:200)\n\tat org.openqa.selenium.remote.codec.w3c.W3CHttpResponseCodec.decode(W3CHttpResponseCodec.java:133)\n\tat org.openqa.selenium.remote.codec.w3c.W3CHttpResponseCodec.decode(W3CHttpResponseCodec.java:52)\n\tat org.openqa.selenium.remote.HttpCommandExecutor.execute(HttpCommandExecutor.java:191)\n\tat org.openqa.selenium.remote.service.DriverCommandExecutor.invokeExecute(DriverCommandExecutor.java:200)\n\tat org.openqa.selenium.remote.service.DriverCommandExecutor.execute(DriverCommandExecutor.java:175)\n\tat org.openqa.selenium.remote.RemoteWebDriver.execute(RemoteWebDriver.java:607)\n\tat org.openqa.selenium.remote.RemoteWebDriver.execute(RemoteWebDriver.java:680)\n\tat org.openqa.selenium.remote.RemoteWebDriver.execute(RemoteWebDriver.java:684)\n\tat org.openqa.selenium.remote.RemoteWebDriver.getScreenshotAs(RemoteWebDriver.java:330)\n\tat utils.ScreenshotUtil.takeScreenshot(ScreenshotUtil.java:30)\n\tat Hooks.TestHooks.tearDown(TestHooks.java:35)\n","duration":1912000,"status":"failed"},"match":{"location":"Hooks.TestHooks.tearDown(io.cucumber.java.Scenario)"}}],"type":"scenario","keyword":"Scenario Outline","steps":[{"result":{"duration":866000,"status":"passed"},"line":5,"name":"Launch the browser and access automation excercise site","match":{"location":"automationExercisesStepDefinitions.RegisterUser.launch_the_browser_and_access_automation_excercise_site()"},"keyword":"Given "},{"result":{"error_message":"org.openqa.selenium.NoSuchWindowException: no such window: target window already closed\nfrom unknown error: web view not found\n  (Session info: chrome=138.0.7204.102)\nBuild info: version: '4.15.0', revision: '1d14b5521b'\nSystem info: os.name: 'Mac OS X', os.arch: 'aarch64', os.version: '15.5', java.version: '23'\nDriver info: org.openqa.selenium.chrome.ChromeDriver\nCommand: [5759b5f8bfbc2305cd891b7d42b010e7, findElement {using=xpath, value=//div[@id='slider-carousel']}]\nCapabilities {acceptInsecureCerts: false, browserName: chrome, browserVersion: 138.0.7204.102, chrome: {chromedriverVersion: 138.0.7204.157 (e533e98b126..., userDataDir: /var/folders/m_/k3b1gzss4m1...}, fedcm:accounts: true, goog:chromeOptions: {debuggerAddress: localhost:52461}, networkConnectionEnabled: false, pageLoadStrategy: normal, platformName: mac, proxy: Proxy(), se:cdp: ws://localhost:52461/devtoo..., se:cdpVersion: 138.0.7204.102, setWindowRect: true, strictFileInteractability: false, timeouts: {implicit: 0, pageLoad: 300000, script: 30000}, unhandledPromptBehavior: dismiss and notify, webauthn:extension:credBlob: true, webauthn:extension:largeBlob: true, webauthn:extension:minPinLength: true, webauthn:extension:prf: true, webauthn:virtualAuthenticators: true}\nSession ID: 5759b5f8bfbc2305cd891b7d42b010e7\n\tat java.base/jdk.internal.reflect.DirectConstructorHandleAccessor.newInstance(DirectConstructorHandleAccessor.java:62)\n\tat java.base/java.lang.reflect.Constructor.newInstanceWithCaller(Constructor.java:501)\n\tat java.base/java.lang.reflect.Constructor.newInstance(Constructor.java:485)\n\tat org.openqa.selenium.remote.codec.w3c.W3CHttpResponseCodec.createException(W3CHttpResponseCodec.java:200)\n\tat org.openqa.selenium.remote.codec.w3c.W3CHttpResponseCodec.decode(W3CHttpResponseCodec.java:133)\n\tat org.openqa.selenium.remote.codec.w3c.W3CHttpResponseCodec.decode(W3CHttpResponseCodec.java:52)\n\tat org.openqa.selenium.remote.HttpCommandExecutor.execute(HttpCommandExecutor.java:191)\n\tat org.openqa.selenium.remote.service.DriverCommandExecutor.invokeExecute(DriverCommandExecutor.java:200)\n\tat org.openqa.selenium.remote.service.DriverCommandExecutor.execute(DriverCommandExecutor.java:175)\n\tat org.openqa.selenium.remote.RemoteWebDriver.execute(RemoteWebDriver.java:607)\n\tat org.openqa.selenium.remote.ElementLocation$ElementFinder$2.findElement(ElementLocation.java:165)\n\tat org.openqa.selenium.remote.ElementLocation.findElement(ElementLocation.java:59)\n\tat org.openqa.selenium.remote.RemoteWebDriver.findElement(RemoteWebDriver.java:364)\n\tat org.openqa.selenium.remote.RemoteWebDriver.findElement(RemoteWebDriver.java:358)\n\tat org.openqa.selenium.support.pagefactory.DefaultElementLocator.findElement(DefaultElementLocator.java:68)\n\tat org.openqa.selenium.support.pagefactory.internal.LocatingElementHandler.invoke(LocatingElementHandler.java:38)\n\tat jdk.proxy2/jdk.proxy2.$Proxy26.isDisplayed(Unknown Source)\n\tat Pages.HomePAge.home_page_displayed(HomePAge.java:132)\n\tat automationExercisesStepDefinitions.RegisterUser.verify_that_home_page_is_visible_successfully(RegisterUser.java:23)\n\tat ✽.Verify that home page is visible successfully(file:///Users/vara/eclipse-workspace/CucumberProject/src/test/java/automationExercise/UserLogout.feature:6)\n","duration":2310000,"status":"failed"},"line":6,"name":"Verify that home page is visible successfully","match":{"location":"automationExercisesStepDefinitions.RegisterUser.verify_that_home_page_is_visible_successfully()"},"keyword":"Then "},{"result":{"duration":43000,"status":"skipped"},"line":7,"name":"Click on 'Signup / Login' button","match":{"arguments":[{"val":"'Signup / Login'","offset":9}],"location":"automationExercisesStepDefinitions.RegisterUser.click_on_button(java.lang.String)"},"keyword":"When "},{"result":{"duration":25000,"status":"skipped"},"line":8,"name":"Verify 'Login to your account' is visible","match":{"arguments":[{"val":"'Login to your account'","offset":7}],"location":"automationExercisesStepDefinitions.RegisterUser.verify_is_visible(java.lang.String)"},"keyword":"Then "},{"result":{"duration":112000,"status":"skipped"},"line":9,"name":"Enter correct \"alicek123@mail.com\" and \"A1!ice@23\"","match":{"arguments":[{"val":"\"alicek123@mail.com\"","offset":14},{"val":"\"A1!ice@23\"","offset":39}],"location":"automationExercisesStepDefinitions.LoginUser.enter_email_password(java.lang.String,java.lang.String)"},"keyword":"When "},{"result":{"duration":57000,"status":"skipped"},"line":10,"name":"Click 'Login' button","match":{"arguments":[{"val":"'Login'","offset":6}],"location":"automationExercisesStepDefinitions.RegisterUser.click_btn(java.lang.String)"},"keyword":"And "},{"result":{"duration":33000,"status":"skipped"},"line":11,"name":"Verify that 'Logged in as username' is visible","match":{"location":"automationExercisesStepDefinitions.RegisterUser.verify_logged_in_as_username_is_visible()"},"keyword":"Then "},{"result":{"duration":22000,"status":"skipped"},"line":12,"name":"Click 'Logout' button","match":{"arguments":[{"val":"'Logout'","offset":6}],"location":"automationExercisesStepDefinitions.RegisterUser.click_btn(java.lang.String)"},"keyword":"When "},{"result":{"duration":33000,"status":"skipped"},"line":13,"name":"Verify that user is navigated to login page","match":{"location":"automationExercisesStepDefinitions.SignoutUser.display_loginpage()"},"keyword":"Then "}]}],"name":"User Logout","description":"","id":"user-logout","keyword":"Feature","uri":"file:src/test/java/automationExercise/UserLogout.feature","tags":[]}]