<?xml version="1.0" encoding="UTF-8"?>
<testng-results ignored="0" total="1" passed="0" failed="1" skipped="0">
  <reporter-output>
  </reporter-output>
  <suite started-at="2025-08-01T06:32:45 IST" name="Default suite" finished-at="2025-08-01T06:34:07 IST" duration-ms="82036">
    <groups>
      <group name="cucumber">
        <method signature="AbstractTestNGCucumberTests.runScenario(io.cucumber.testng.PickleWrapper,io.cucumber.testng.FeatureWrapper)[pri:0, instance:runners.TestNGTestRunner@279fedbd]" name="runScenario" class="io.cucumber.testng.AbstractTestNGCucumberTests"/>
      </group> <!-- cucumber -->
    </groups>
    <test started-at="2025-08-01T06:32:45 IST" name="Default test" finished-at="2025-08-01T06:34:07 IST" duration-ms="82036">
      <class name="runners.TestNGTestRunner">
        <test-method is-config="true" signature="setUpClass(org.testng.ITestContext)[pri:0, instance:runners.TestNGTestRunner@279fedbd]" started-at="2025-08-01T06:32:45 IST" name="setUpClass" finished-at="2025-08-01T06:32:45 IST" duration-ms="550" status="PASS">
          <params>
            <param index="0">
              <value>
                <![CDATA[org.testng.TestRunner@5a47730c]]>
              </value>
            </param>
          </params>
          <reporter-output>
          </reporter-output>
        </test-method> <!-- setUpClass -->
        <test-method signature="runScenario(io.cucumber.testng.PickleWrapper,io.cucumber.testng.FeatureWrapper)[pri:0, instance:runners.TestNGTestRunner@279fedbd]" started-at="2025-08-01T06:32:46 IST" name="runScenario" description="Runs Cucumber Scenarios" data-provider="scenarios" finished-at="2025-08-01T06:34:06 IST" duration-ms="80610" status="FAIL">
          <params>
            <param index="0">
              <value>
                <![CDATA["Compare json files from user application"]]>
              </value>
            </param>
            <param index="1">
              <value>
                <![CDATA["Compare two Json Files"]]>
              </value>
            </param>
          </params>
          <exception class="java.lang.AssertionError">
            <message>
              <![CDATA[expected [true] but found [false]]]>
            </message>
            <full-stacktrace>
              <![CDATA[java.lang.AssertionError: expected [true] but found [false]
at org.testng.Assert.fail(Assert.java:111)
at org.testng.Assert.failNotEquals(Assert.java:1578)
at org.testng.Assert.assertTrue(Assert.java:57)
at org.testng.Assert.assertTrue(Assert.java:67)
at automationExercisesStepDefinitions.ReadJson.compareJsonFiles(ReadJson.java:16)
at ✽.compare source and destination json(file:///Users/vara/eclipse-workspace/CucumberProject/src/test/java/automationExercise/ReadJson.feature:5)
]]>
            </full-stacktrace>
          </exception> <!-- java.lang.AssertionError -->
          <reporter-output>
          </reporter-output>
        </test-method> <!-- runScenario -->
        <test-method is-config="true" signature="tearDownClass()[pri:0, instance:runners.TestNGTestRunner@279fedbd]" started-at="2025-08-01T06:34:06 IST" name="tearDownClass" finished-at="2025-08-01T06:34:07 IST" duration-ms="817" status="PASS">
          <reporter-output>
          </reporter-output>
        </test-method> <!-- tearDownClass -->
        <test-method is-config="true" signature="flushExtentReport()[pri:0, instance:runners.TestNGTestRunner@279fedbd]" started-at="2025-08-01T06:34:12 IST" name="flushExtentReport" finished-at="2025-08-01T06:34:12 IST" duration-ms="140" status="PASS">
          <reporter-output>
          </reporter-output>
        </test-method> <!-- flushExtentReport -->
      </class> <!-- runners.TestNGTestRunner -->
    </test> <!-- Default test -->
  </suite> <!-- Default suite -->
</testng-results>
